E:\SOURCES\VISUAL_STUDIO_PROJECT\2012\VIVO_DUMP_EXIF\X64\RELEASE\MAIN.OBJ
E:\SOURCES\VISUAL_STUDIO_PROJECT\2012\VIVO_DUMP_EXIF\X64\RELEASE\FUNCS.OBJ
E:\SOURCES\VISUAL_STUDIO_PROJECT\2012\VIVO_DUMP_EXIF\X64\RELEASE\VC110.PDB
E:\SOURCES\VISUAL_STUDIO_PROJECT\2012\VIVO_DUMP_EXIF\X64\RELEASE\VIVO_DUMP_EXIF.ORI.EXE
E:\SOURCES\VISUAL_STUDIO_PROJECT\2012\VIVO_DUMP_EXIF\X64\RELEASE\VIVO_DUMP_EXIF.ORI.PDB
E:\SOURCES\VISUAL_STUDIO_PROJECT\2012\VIVO_DUMP_EXIF\X64\RELEASE\VIVO_DUMP_EXIF.RES
E:\Sources\visual_studio_project\2012\vivo_dump_exif\x64\Release\funcs.obj
E:\Sources\visual_studio_project\2012\vivo_dump_exif\x64\Release\main.obj
E:\Sources\visual_studio_project\2012\vivo_dump_exif\x64\Release\cl.command.1.tlog
E:\Sources\visual_studio_project\2012\vivo_dump_exif\x64\Release\CL.read.1.tlog
E:\Sources\visual_studio_project\2012\vivo_dump_exif\x64\Release\CL.write.1.tlog
E:\Sources\visual_studio_project\2012\vivo_dump_exif\x64\Release\link-cvtres.read.1.tlog
E:\Sources\visual_studio_project\2012\vivo_dump_exif\x64\Release\link-cvtres.read.2.tlog
E:\Sources\visual_studio_project\2012\vivo_dump_exif\x64\Release\link-cvtres.write.1.tlog
E:\Sources\visual_studio_project\2012\vivo_dump_exif\x64\Release\link-mt.read.1.tlog
E:\Sources\visual_studio_project\2012\vivo_dump_exif\x64\Release\link-mt.read.2.tlog
E:\Sources\visual_studio_project\2012\vivo_dump_exif\x64\Release\link-mt.write.1.tlog
E:\Sources\visual_studio_project\2012\vivo_dump_exif\x64\Release\link-rc.read.1.tlog
E:\Sources\visual_studio_project\2012\vivo_dump_exif\x64\Release\link-rc.write.1.tlog
E:\Sources\visual_studio_project\2012\vivo_dump_exif\x64\Release\link.command.1.tlog
E:\Sources\visual_studio_project\2012\vivo_dump_exif\x64\Release\link.read.1.tlog
E:\Sources\visual_studio_project\2012\vivo_dump_exif\x64\Release\link.write.1.tlog
E:\Sources\visual_studio_project\2012\vivo_dump_exif\x64\Release\rc.command.1.tlog
E:\Sources\visual_studio_project\2012\vivo_dump_exif\x64\Release\rc.read.1.tlog
E:\Sources\visual_studio_project\2012\vivo_dump_exif\x64\Release\rc.write.1.tlog
E:\Sources\visual_studio_project\2012\vivo_dump_exif\x64\Release\vivo_dump_exif.res
E:\Sources\visual_studio_project\2012\vivo_dump_exif\x64\Release\vc110.pdb
E:\Sources\visual_studio_project\2012\vivo_dump_exif\x64\Release\vivo_dump_exif.ori.pdb
E:\Sources\visual_studio_project\2012\vivo_dump_exif\x64\Release\vivo_dump_exif.ori.exe
