[ 2016-05-13T10:15:30+08:00 ] 127.0.0.1 /favicon.ico
INFO: [ app_init ] --START--
INFO: Run Behavior\BuildLiteBehavior [ RunTime:0.000000s ]
INFO: [ app_init ] --END-- [ RunTime:0.000000s ]

[ 2016-05-13T10:15:30+08:00 ] 127.0.0.1 /favicon.ico
INFO: [ app_init ] --START--
INFO: Run Behavior\BuildLiteBehavior [ RunTime:0.000000s ]
INFO: [ app_init ] --END-- [ RunTime:0.000000s ]

[ 2016-05-13T10:15:30+08:00 ] 127.0.0.1 /favicon.ico
INFO: [ app_init ] --START--
INFO: Run Behavior\BuildLiteBehavior [ RunTime:0.000000s ]
INFO: [ app_init ] --END-- [ RunTime:0.000000s ]

[ 2016-05-13T10:15:53+08:00 ] 127.0.0.1 /lib/ThinkPHP/Vendor//Vendor/module/action/param1/$%7B@print(phpinfo())%7D
INFO: [ app_init ] --START--
INFO: Run Behavior\BuildLiteBehavior [ RunTime:0.000000s ]
INFO: [ app_init ] --END-- [ RunTime:0.000000s ]
ERR: 无法加载模块:Lib

[ 2016-05-13T10:16:00+08:00 ] 127.0.0.1 /index.php/lib/ThinkPHP/Vendor//Vendor/module/action/param1/$%7B@print(phpinfo())%7D
INFO: [ app_init ] --START--
INFO: Run Behavior\BuildLiteBehavior [ RunTime:0.000000s ]
INFO: [ app_init ] --END-- [ RunTime:0.001000s ]
ERR: 无法加载模块:Lib

[ 2016-05-13T10:16:15+08:00 ] 127.0.0.1 /index.php/module/action/param1/$%7B@print(THINK_VERSION)%7D
INFO: [ app_init ] --START--
INFO: Run Behavior\BuildLiteBehavior [ RunTime:0.000000s ]
INFO: [ app_init ] --END-- [ RunTime:0.000000s ]
ERR: 无法加载模块:Module

[ 2016-05-13T10:17:19+08:00 ] 127.0.0.1 /index.php/module/action/param1/$%7B@print(THINK_VERSION)%7D
INFO: [ app_init ] --START--
INFO: Run Behavior\BuildLiteBehavior [ RunTime:0.000000s ]
INFO: [ app_init ] --END-- [ RunTime:0.001001s ]
ERR: 无法加载模块:Module

[ 2016-05-13T10:17:20+08:00 ] 127.0.0.1 /index.php/lib/ThinkPHP/Vendor//Vendor/module/action/param1/$%7B@print(phpinfo())%7D
INFO: [ app_init ] --START--
INFO: Run Behavior\BuildLiteBehavior [ RunTime:0.001000s ]
INFO: [ app_init ] --END-- [ RunTime:0.001000s ]
ERR: 无法加载模块:Lib

[ 2016-05-13T10:17:21+08:00 ] 127.0.0.1 /lib/ThinkPHP/Vendor//Vendor/module/action/param1/$%7B@print(phpinfo())%7D
INFO: [ app_init ] --START--
INFO: Run Behavior\BuildLiteBehavior [ RunTime:0.000000s ]
INFO: [ app_init ] --END-- [ RunTime:0.001001s ]
ERR: 无法加载模块:Lib

