2016-04-16 14:11:16 from c : check
data : 2016-04-16 14:11:16.162000

2016-04-16 14:12:00 from c : check
data : 2016-04-16 14:12:00.163000

2016-04-16 14:12:44 from c : check
data : 2016-04-16 14:12:44.165000

2016-04-16 14:13:28 from c : check
data : 2016-04-16 14:13:28.165000

2016-04-16 14:14:12 from c : check
data : 2016-04-16 14:14:12.166000

2016-04-16 14:14:56 from c : check
data : 2016-04-16 14:14:56.167000

2016-04-16 14:15:40 from c : check
data : 2016-04-16 14:15:40.169000

2016-04-16 14:16:24 from c : check
data : 2016-04-16 14:16:24.170000

2016-04-16 14:17:08 from c : check
data : 2016-04-16 14:17:08.172000

2016-04-16 14:17:52 from c : check
data : 2016-04-16 14:17:52.173000

2016-04-16 14:18:36 from c : check
data : 2016-04-16 14:18:36.175000

2016-04-16 14:19:20 from c : check
data : 2016-04-16 14:19:20.176000

2016-04-16 14:20:04 from c : check
data : 2016-04-16 14:20:04.178000

2016-04-16 14:20:48 from c : check
data : 2016-04-16 14:20:48.179000

2016-04-16 14:21:32 from c : check
data : 2016-04-16 14:21:32.181000

2016-04-16 14:22:16 from c : check
data : 2016-04-16 14:22:16.182000

2016-04-16 14:23:00 from c : check
data : 2016-04-16 14:23:00.184000

2016-04-16 14:23:44 from c : check
data : 2016-04-16 14:23:44.185000

2016-04-16 14:24:28 from c : check
data : 2016-04-16 14:24:28.187000

2016-04-16 14:25:12 from c : check
data : 2016-04-16 14:25:12.188000

2016-04-16 14:25:56 from c : check
data : 2016-04-16 14:25:56.190000

2016-04-16 14:26:40 from c : check
data : 2016-04-16 14:26:40.190000

2016-04-16 14:27:24 from c : check
data : 2016-04-16 14:27:24.191000

2016-04-16 14:28:08 from c : check
data : 2016-04-16 14:28:08.192000

2016-04-16 14:28:52 from c : check
data : 2016-04-16 14:28:52.194000

2016-04-16 14:29:36 from c : check
data : 2016-04-16 14:29:36.195000

2016-04-16 14:30:20 from c : check
data : 2016-04-16 14:30:20.197000

2016-04-16 14:31:04 from c : check
data : 2016-04-16 14:31:04.198000

2016-04-16 14:31:48 from c : check
data : 2016-04-16 14:31:48.200000

2016-04-16 14:32:32 from c : check
data : 2016-04-16 14:32:32.202000

2016-04-16 14:33:16 from c : check
data : 2016-04-16 14:33:16.203000

2016-04-16 14:34:00 from c : check
data : 2016-04-16 14:34:00.205000

2016-04-16 14:34:44 from c : check
data : 2016-04-16 14:34:44.206000

2016-04-16 14:35:28 from c : check
data : 2016-04-16 14:35:28.208000

2016-04-16 14:36:12 from c : check
data : 2016-04-16 14:36:12.209000

2016-04-16 14:36:56 from c : check
data : 2016-04-16 14:36:56.211000

2016-04-16 14:37:40 from c : check
data : 2016-04-16 14:37:40.212000

2016-04-16 14:38:24 from c : check
data : 2016-04-16 14:38:24.214000

2016-04-16 14:39:08 from c : check
data : 2016-04-16 14:39:08.215000

2016-04-16 14:39:52 from c : check
data : 2016-04-16 14:39:52.217000

2016-04-16 14:59:57 from b : loosen
data : 2016-04-16 14:59:57.521000

2016-04-16 14:59:57 from c : check
data : 2016-04-16 14:59:57.522000

2016-04-16 15:00:01 from b : loosen
data : 2016-04-16 15:00:01.948000

2016-04-16 15:00:01 from c : check
data : 2016-04-16 15:00:01.949000

2016-04-16 15:00:06 from b : loosen
data : 2016-04-16 15:00:06.360000

2016-04-16 15:00:06 from c : check
data : 2016-04-16 15:00:06.361000

2016-04-16 15:00:10 from b : loosen
data : 2016-04-16 15:00:10.755000

2016-04-16 15:00:10 from c : check
data : 2016-04-16 15:00:10.756000

2016-04-16 15:00:15 from b : loosen
data : 2016-04-16 15:00:15.066000

2016-04-16 15:00:15 from c : check
data : 2016-04-16 15:00:15.066000

2016-04-16 15:00:19 from b : loosen
data : 2016-04-16 15:00:19.490000

2016-04-16 15:00:19 from c : check
data : 2016-04-16 15:00:19.491000

2016-04-16 15:00:23 from b : loosen
data : 2016-04-16 15:00:23.902000

2016-04-16 15:00:23 from c : check
data : 2016-04-16 15:00:23.903000

2016-04-16 15:00:28 from b : loosen
data : 2016-04-16 15:00:28.195000

2016-04-16 15:00:28 from c : check
data : 2016-04-16 15:00:28.195000

2016-04-16 15:00:32 from b : loosen
data : 2016-04-16 15:00:32.506000

2016-04-16 15:00:32 from c : check
data : 2016-04-16 15:00:32.507000

2016-04-16 15:00:52 from c : check
data : 2016-04-16 15:00:52.468000

2016-04-16 15:01:36 from c : check
data : 2016-04-16 15:01:36.468000

2016-04-16 15:02:20 from c : check
data : 2016-04-16 15:02:20.470000

2016-04-16 15:03:04 from c : check
data : 2016-04-16 15:03:04.471000

2016-04-16 15:03:48 from c : check
data : 2016-04-16 15:03:48.473000

2016-04-16 15:04:32 from c : check
data : 2016-04-16 15:04:32.474000

2016-04-16 15:05:16 from c : check
data : 2016-04-16 15:05:16.476000

2016-04-16 15:06:00 from c : check
data : 2016-04-16 15:06:00.477000

2016-04-16 15:06:44 from c : check
data : 2016-04-16 15:06:44.479000

2016-04-16 15:07:28 from c : check
data : 2016-04-16 15:07:28.480000

2016-04-16 15:08:12 from c : check
data : 2016-04-16 15:08:12.482000

2016-04-16 15:08:56 from c : check
data : 2016-04-16 15:08:56.483000

2016-04-16 15:09:40 from c : check
data : 2016-04-16 15:09:40.484000

2016-04-16 15:10:24 from c : check
data : 2016-04-16 15:10:24.484000

2016-04-16 15:11:08 from c : check
data : 2016-04-16 15:11:08.486000

2016-04-16 15:11:52 from c : check
data : 2016-04-16 15:11:52.488000

2016-04-16 15:12:36 from c : check
data : 2016-04-16 15:12:36.489000

2016-04-16 15:13:20 from c : check
data : 2016-04-16 15:13:20.491000

2016-04-16 15:14:04 from c : check
data : 2016-04-16 15:14:04.491000

2016-04-16 15:14:48 from c : check
data : 2016-04-16 15:14:48.493000

2016-04-16 15:15:32 from c : check
data : 2016-04-16 15:15:32.494000

2016-04-16 15:16:16 from c : check
data : 2016-04-16 15:16:16.496000

2016-04-16 15:17:00 from c : check
data : 2016-04-16 15:17:00.497000

2016-04-16 15:17:44 from c : check
data : 2016-04-16 15:17:44.499000

2016-04-16 15:18:28 from c : check
data : 2016-04-16 15:18:28.500000

2016-04-16 15:19:12 from c : check
data : 2016-04-16 15:19:12.501000

2016-04-16 15:19:56 from c : check
data : 2016-04-16 15:19:56.502000

2016-04-16 15:20:40 from b : loosen
data : 2016-04-16 15:20:40.860000

2016-04-16 15:20:40 from c : check
data : 2016-04-16 15:20:40.860000

2016-04-16 15:21:24 from c : check
data : 2016-04-16 15:21:24.861000

2016-04-16 15:22:08 from c : check
data : 2016-04-16 15:22:08.863000

2016-04-16 15:22:52 from c : check
data : 2016-04-16 15:22:52.864000

2016-04-16 15:23:36 from c : check
data : 2016-04-16 15:23:36.866000

2016-04-16 15:24:20 from c : check
data : 2016-04-16 15:24:20.867000

2016-04-16 15:25:04 from c : check
data : 2016-04-16 15:25:04.869000

2016-04-16 15:25:48 from c : check
data : 2016-04-16 15:25:48.870000

2016-04-16 15:26:32 from c : check
data : 2016-04-16 15:26:32.872000

2016-04-16 15:27:16 from c : check
data : 2016-04-16 15:27:16.872000

2016-04-16 15:28:00 from c : check
data : 2016-04-16 15:28:00.874000

2016-04-16 15:28:44 from c : check
data : 2016-04-16 15:28:44.875000

2016-04-16 15:29:28 from c : check
data : 2016-04-16 15:29:28.877000

2016-04-16 15:30:12 from c : check
data : 2016-04-16 15:30:12.878000

2016-04-16 15:30:56 from c : check
data : 2016-04-16 15:30:56.880000

2016-04-16 15:31:40 from c : check
data : 2016-04-16 15:31:40.881000

2016-04-16 15:32:24 from c : check
data : 2016-04-16 15:32:24.883000

2016-04-16 15:33:08 from c : check
data : 2016-04-16 15:33:08.885000

2016-04-16 15:33:52 from c : check
data : 2016-04-16 15:33:52.886000

2016-04-16 15:34:36 from c : check
data : 2016-04-16 15:34:36.888000

2016-04-16 15:35:21 from a : hold
data : 2016-04-16 15:35:21.344000

2016-04-16 15:35:21 from c : check
data : 2016-04-16 15:35:21.345000

2016-04-16 15:36:05 from c : check
data : 2016-04-16 15:36:05.347000

2016-04-16 15:36:49 from c : check
data : 2016-04-16 15:36:49.348000

2016-04-16 15:37:33 from c : check
data : 2016-04-16 15:37:33.350000

2016-04-16 15:38:17 from c : check
data : 2016-04-16 15:38:17.351000

2016-04-16 15:39:01 from c : check
data : 2016-04-16 15:39:01.353000

2016-04-16 15:39:45 from c : check
data : 2016-04-16 15:39:45.354000

2016-04-16 15:40:29 from c : check
data : 2016-04-16 15:40:29.356000

2016-04-16 15:41:13 from c : check
data : 2016-04-16 15:41:13.356000

2016-04-16 15:41:57 from c : check
data : 2016-04-16 15:41:57.358000

2016-04-16 15:42:41 from c : check
data : 2016-04-16 15:42:41.359000

2016-04-16 15:43:25 from c : check
data : 2016-04-16 15:43:25.361000

2016-04-16 15:44:09 from c : check
data : 2016-04-16 15:44:09.362000

2016-04-16 15:44:53 from c : check
data : 2016-04-16 15:44:53.364000

2016-04-16 15:45:37 from c : check
data : 2016-04-16 15:45:37.365000

2016-04-16 15:46:21 from c : check
data : 2016-04-16 15:46:21.367000

2016-04-16 15:47:05 from c : check
data : 2016-04-16 15:47:05.368000

2016-04-16 15:47:49 from c : check
data : 2016-04-16 15:47:49.370000

2016-04-16 15:48:33 from c : check
data : 2016-04-16 15:48:33.371000

2016-04-16 15:49:17 from c : check
data : 2016-04-16 15:49:17.373000

2016-04-16 15:50:01 from c : check
data : 2016-04-16 15:50:01.374000

2016-04-16 15:50:45 from c : check
data : 2016-04-16 15:50:45.376000

2016-04-16 15:51:29 from c : check
data : 2016-04-16 15:51:29.377000

2016-04-16 15:52:13 from c : check
data : 2016-04-16 15:52:13.379000

2016-04-16 15:52:57 from c : check
data : 2016-04-16 15:52:57.380000

2016-04-16 15:53:41 from c : check
data : 2016-04-16 15:53:41.382000

2016-04-16 15:54:25 from c : check
data : 2016-04-16 15:54:25.384000

2016-04-16 15:55:09 from c : check
data : 2016-04-16 15:55:09.385000

2016-04-16 15:55:53 from c : check
data : 2016-04-16 15:55:53.387000

2016-04-16 15:56:37 from c : check
data : 2016-04-16 15:56:37.388000

2016-04-16 15:57:21 from c : check
data : 2016-04-16 15:57:21.389000

2016-04-16 15:58:05 from c : check
data : 2016-04-16 15:58:05.390000

2016-04-16 15:58:49 from c : check
data : 2016-04-16 15:58:49.392000

2016-04-16 15:59:33 from c : check
data : 2016-04-16 15:59:33.393000

2016-04-16 16:00:17 from c : check
data : 2016-04-16 16:00:17.395000

2016-04-16 16:01:01 from c : check
data : 2016-04-16 16:01:01.396000

2016-04-16 16:01:45 from c : check
data : 2016-04-16 16:01:45.398000

2016-04-16 16:02:29 from c : check
data : 2016-04-16 16:02:29.399000

2016-04-16 16:03:13 from c : check
data : 2016-04-16 16:03:13.401000

2016-04-16 16:03:57 from c : check
data : 2016-04-16 16:03:57.402000

2016-04-16 16:04:41 from c : check
data : 2016-04-16 16:04:41.404000

2016-04-16 16:05:25 from c : check
data : 2016-04-16 16:05:25.405000

2016-04-16 16:06:09 from c : check
data : 2016-04-16 16:06:09.407000

2016-04-16 16:06:53 from c : check
data : 2016-04-16 16:06:53.408000

2016-04-16 16:07:37 from c : check
data : 2016-04-16 16:07:37.409000

2016-04-16 16:08:21 from c : check
data : 2016-04-16 16:08:21.410000

2016-04-16 16:09:05 from c : check
data : 2016-04-16 16:09:05.412000

2016-04-16 16:09:49 from c : check
data : 2016-04-16 16:09:49.413000

2016-04-16 16:10:33 from c : check
data : 2016-04-16 16:10:33.415000

2016-04-16 16:11:17 from c : check
data : 2016-04-16 16:11:17.415000

2016-04-16 16:12:01 from c : check
data : 2016-04-16 16:12:01.417000

2016-04-16 16:12:45 from c : check
data : 2016-04-16 16:12:45.418000

2016-04-16 16:13:29 from c : check
data : 2016-04-16 16:13:29.419000

2016-04-16 16:14:13 from c : check
data : 2016-04-16 16:14:13.419000

2016-04-16 16:14:57 from c : check
data : 2016-04-16 16:14:57.421000

2016-04-16 16:15:41 from b : loosen
data : 2016-04-16 16:15:41.857000

2016-04-16 16:15:41 from c : check
data : 2016-04-16 16:15:41.858000

2016-04-16 16:16:25 from c : check
data : 2016-04-16 16:16:25.859000

2016-04-16 16:17:09 from c : check
data : 2016-04-16 16:17:09.861000

2016-04-16 16:17:53 from c : check
data : 2016-04-16 16:17:53.861000

2016-04-16 16:18:37 from c : check
data : 2016-04-16 16:18:37.863000

2016-04-16 16:19:21 from c : check
data : 2016-04-16 16:19:21.864000

2016-04-16 16:20:05 from c : check
data : 2016-04-16 16:20:05.866000

2016-04-16 16:20:49 from c : check
data : 2016-04-16 16:20:49.866000

2016-04-16 16:21:33 from c : check
data : 2016-04-16 16:21:33.868000

2016-04-16 16:22:17 from c : check
data : 2016-04-16 16:22:17.869000

2016-04-16 16:23:01 from c : check
data : 2016-04-16 16:23:01.871000

2016-04-16 16:23:45 from c : check
data : 2016-04-16 16:23:45.872000

2016-04-16 16:24:29 from c : check
data : 2016-04-16 16:24:29.873000

2016-04-16 16:25:14 from a : hold
data : 2016-04-16 16:25:14.324000

2016-04-16 16:25:14 from c : check
data : 2016-04-16 16:25:14.326000

2016-04-16 16:25:58 from a : hold
data : 2016-04-16 16:25:58.739000

2016-04-16 16:25:58 from c : check
data : 2016-04-16 16:25:58.740000

2016-04-16 16:26:42 from c : check
data : 2016-04-16 16:26:42.740000

2016-04-16 16:27:26 from c : check
data : 2016-04-16 16:27:26.742000

2016-04-16 16:28:10 from c : check
data : 2016-04-16 16:28:10.743000

2016-04-16 16:28:54 from c : check
data : 2016-04-16 16:28:54.744000

2016-04-16 16:29:38 from c : check
data : 2016-04-16 16:29:38.745000

2016-04-16 16:30:22 from c : check
data : 2016-04-16 16:30:22.747000

2016-04-16 16:31:06 from c : check
data : 2016-04-16 16:31:06.748000

2016-04-16 16:31:50 from c : check
data : 2016-04-16 16:31:50.750000

2016-04-16 16:32:34 from c : check
data : 2016-04-16 16:32:34.751000

2016-04-16 16:33:18 from c : check
data : 2016-04-16 16:33:18.752000

2016-04-16 16:34:02 from c : check
data : 2016-04-16 16:34:02.754000

2016-04-16 16:34:46 from c : check
data : 2016-04-16 16:34:46.755000

2016-04-16 16:35:30 from c : check
data : 2016-04-16 16:35:30.757000

2016-04-16 16:36:14 from c : check
data : 2016-04-16 16:36:14.758000

2016-04-16 16:36:58 from c : check
data : 2016-04-16 16:36:58.760000

2016-04-16 16:37:42 from c : check
data : 2016-04-16 16:37:42.761000

2016-04-16 16:38:26 from c : check
data : 2016-04-16 16:38:26.763000

2016-04-16 16:39:10 from c : check
data : 2016-04-16 16:39:10.764000

2016-04-16 16:39:54 from c : check
data : 2016-04-16 16:39:54.766000

2016-04-16 16:40:38 from c : check
data : 2016-04-16 16:40:38.767000

2016-04-16 16:41:22 from c : check
data : 2016-04-16 16:41:22.769000

2016-04-16 16:42:06 from c : check
data : 2016-04-16 16:42:06.770000

2016-04-16 16:42:50 from c : check
data : 2016-04-16 16:42:50.772000

2016-04-16 16:43:34 from c : check
data : 2016-04-16 16:43:34.773000

2016-04-16 16:44:18 from c : check
data : 2016-04-16 16:44:18.775000

2016-04-16 16:45:02 from c : check
data : 2016-04-16 16:45:02.776000

2016-04-16 16:45:46 from c : check
data : 2016-04-16 16:45:46.778000

2016-04-16 16:46:30 from c : check
data : 2016-04-16 16:46:30.779000

2016-04-16 16:47:14 from c : check
data : 2016-04-16 16:47:14.780000

2016-04-16 16:47:58 from c : check
data : 2016-04-16 16:47:58.781000

2016-04-16 16:48:42 from c : check
data : 2016-04-16 16:48:42.783000

2016-04-16 16:49:26 from c : check
data : 2016-04-16 16:49:26.784000

2016-04-16 16:50:10 from c : check
data : 2016-04-16 16:50:10.785000

2016-04-16 16:50:54 from c : check
data : 2016-04-16 16:50:54.785000

2016-04-16 16:51:38 from c : check
data : 2016-04-16 16:51:38.787000

2016-04-16 16:52:22 from c : check
data : 2016-04-16 16:52:22.788000

2016-04-16 16:53:06 from c : check
data : 2016-04-16 16:53:06.790000

2016-04-16 16:53:50 from c : check
data : 2016-04-16 16:53:50.791000

2016-04-16 16:54:34 from c : check
data : 2016-04-16 16:54:34.793000

2016-04-16 16:55:18 from c : check
data : 2016-04-16 16:55:18.793000

2016-04-16 16:56:02 from c : check
data : 2016-04-16 16:56:02.795000

2016-04-16 16:56:46 from c : check
data : 2016-04-16 16:56:46.797000

2016-04-16 16:57:30 from c : check
data : 2016-04-16 16:57:30.798000

2016-04-16 16:58:14 from c : check
data : 2016-04-16 16:58:14.800000

2016-04-16 16:58:58 from c : check
data : 2016-04-16 16:58:58.801000

2016-04-16 16:59:42 from c : check
data : 2016-04-16 16:59:42.803000

2016-04-16 17:00:26 from c : check
data : 2016-04-16 17:00:26.804000

2016-04-16 17:01:10 from c : check
data : 2016-04-16 17:01:10.806000

2016-04-16 17:01:54 from c : check
data : 2016-04-16 17:01:54.807000

2016-04-16 17:02:38 from c : check
data : 2016-04-16 17:02:38.809000

2016-04-16 17:03:22 from c : check
data : 2016-04-16 17:03:22.810000

2016-04-16 17:04:06 from c : check
data : 2016-04-16 17:04:06.811000

2016-04-16 17:04:50 from c : check
data : 2016-04-16 17:04:50.811000

2016-04-16 17:05:35 from b : loosen
data : 2016-04-16 17:05:35.154000

2016-04-16 17:05:35 from c : check
data : 2016-04-16 17:05:35.155000

2016-04-16 17:06:19 from c : check
data : 2016-04-16 17:06:19.155000

2016-04-16 17:07:03 from c : check
data : 2016-04-16 17:07:03.157000

2016-04-16 17:07:47 from c : check
data : 2016-04-16 17:07:47.158000

2016-04-16 17:08:31 from c : check
data : 2016-04-16 17:08:31.159000

2016-04-16 17:09:15 from c : check
data : 2016-04-16 17:09:15.160000

2016-04-16 17:09:59 from c : check
data : 2016-04-16 17:09:59.162000

2016-04-16 17:10:43 from c : check
data : 2016-04-16 17:10:43.163000

2016-04-16 17:11:27 from c : check
data : 2016-04-16 17:11:27.165000

2016-04-16 17:12:11 from c : check
data : 2016-04-16 17:12:11.166000

2016-04-16 17:12:55 from c : check
data : 2016-04-16 17:12:55.168000

2016-04-16 17:13:39 from c : check
data : 2016-04-16 17:13:39.168000

2016-04-16 17:14:23 from c : check
data : 2016-04-16 17:14:23.170000

2016-04-16 17:15:07 from c : check
data : 2016-04-16 17:15:07.171000

2016-04-16 17:15:51 from c : check
data : 2016-04-16 17:15:51.173000

2016-04-16 17:16:35 from c : check
data : 2016-04-16 17:16:35.173000

2016-04-16 17:17:19 from c : check
data : 2016-04-16 17:17:19.175000

2016-04-16 17:18:03 from c : check
data : 2016-04-16 17:18:03.177000

2016-04-16 17:18:47 from c : check
data : 2016-04-16 17:18:47.178000

2016-04-16 17:19:31 from c : check
data : 2016-04-16 17:19:31.180000

2016-04-16 17:20:15 from c : check
data : 2016-04-16 17:20:15.181000

2016-04-16 17:20:59 from c : check
data : 2016-04-16 17:20:59.183000

2016-04-16 17:21:43 from c : check
data : 2016-04-16 17:21:43.184000

2016-04-16 17:22:27 from c : check
data : 2016-04-16 17:22:27.185000

2016-04-16 17:23:11 from c : check
data : 2016-04-16 17:23:11.186000

2016-04-16 17:23:55 from c : check
data : 2016-04-16 17:23:55.188000

2016-04-16 17:24:39 from c : check
data : 2016-04-16 17:24:39.189000

2016-04-16 17:25:23 from c : check
data : 2016-04-16 17:25:23.191000

2016-04-16 17:26:07 from c : check
data : 2016-04-16 17:26:07.192000

2016-04-16 17:26:51 from c : check
data : 2016-04-16 17:26:51.193000

2016-04-16 17:27:35 from c : check
data : 2016-04-16 17:27:35.194000

2016-04-16 17:28:19 from c : check
data : 2016-04-16 17:28:19.196000

2016-04-16 17:29:03 from c : check
data : 2016-04-16 17:29:03.197000

2016-04-16 17:29:47 from c : check
data : 2016-04-16 17:29:47.199000

2016-04-16 17:30:31 from c : check
data : 2016-04-16 17:30:31.200000

2016-04-16 17:31:15 from c : check
data : 2016-04-16 17:31:15.202000

2016-04-16 17:31:59 from c : check
data : 2016-04-16 17:31:59.203000

2016-04-16 17:32:43 from c : check
data : 2016-04-16 17:32:43.205000

2016-04-16 17:33:27 from c : check
data : 2016-04-16 17:33:27.206000

2016-04-16 17:34:11 from c : check
data : 2016-04-16 17:34:11.208000

2016-04-16 17:34:55 from c : check
data : 2016-04-16 17:34:55.209000

2016-04-16 17:35:39 from c : check
data : 2016-04-16 17:35:39.210000

2016-04-16 17:36:23 from c : check
data : 2016-04-16 17:36:23.211000

2016-04-16 17:37:07 from c : check
data : 2016-04-16 17:37:07.213000

2016-04-16 17:37:51 from c : check
data : 2016-04-16 17:37:51.214000

2016-04-16 17:38:35 from c : check
data : 2016-04-16 17:38:35.216000

2016-04-16 17:39:19 from c : check
data : 2016-04-16 17:39:19.218000

2016-04-16 17:40:03 from c : check
data : 2016-04-16 17:40:03.219000

2016-04-16 17:40:47 from c : check
data : 2016-04-16 17:40:47.221000

2016-04-16 17:41:31 from c : check
data : 2016-04-16 17:41:31.222000

2016-04-16 17:42:15 from c : check
data : 2016-04-16 17:42:15.224000

2016-04-16 17:42:59 from c : check
data : 2016-04-16 17:42:59.225000

2016-04-16 17:43:43 from c : check
data : 2016-04-16 17:43:43.227000

2016-04-16 17:44:27 from c : check
data : 2016-04-16 17:44:27.227000

2016-04-16 17:45:11 from c : check
data : 2016-04-16 17:45:11.229000

2016-04-16 17:45:55 from c : check
data : 2016-04-16 17:45:55.230000

2016-04-16 17:46:39 from c : check
data : 2016-04-16 17:46:39.231000

2016-04-16 17:47:23 from c : check
data : 2016-04-16 17:47:23.232000

2016-04-16 17:48:07 from c : check
data : 2016-04-16 17:48:07.233000

2016-04-16 17:48:51 from c : check
data : 2016-04-16 17:48:51.233000

2016-04-16 17:49:35 from c : check
data : 2016-04-16 17:49:35.235000

2016-04-16 17:50:19 from c : check
data : 2016-04-16 17:50:19.236000

2016-04-16 17:51:03 from c : check
data : 2016-04-16 17:51:03.238000

2016-04-16 17:51:47 from c : check
data : 2016-04-16 17:51:47.239000

2016-04-16 17:52:31 from c : check
data : 2016-04-16 17:52:31.241000

2016-04-16 17:53:15 from c : check
data : 2016-04-16 17:53:15.242000

2016-04-16 17:53:59 from c : check
data : 2016-04-16 17:53:59.244000

2016-04-16 17:54:43 from c : check
data : 2016-04-16 17:54:43.245000

2016-04-16 17:55:27 from c : check
data : 2016-04-16 17:55:27.247000

2016-04-16 17:56:11 from c : check
data : 2016-04-16 17:56:11.247000

2016-04-16 17:56:55 from c : check
data : 2016-04-16 17:56:55.249000

2016-04-16 17:57:39 from c : check
data : 2016-04-16 17:57:39.251000

2016-04-16 17:58:23 from c : check
data : 2016-04-16 17:58:23.253000

2016-04-16 17:59:07 from c : check
data : 2016-04-16 17:59:07.254000

2016-04-16 17:59:51 from c : check
data : 2016-04-16 17:59:51.256000

2016-04-16 18:00:35 from c : check
data : 2016-04-16 18:00:35.257000

2016-04-16 18:01:19 from c : check
data : 2016-04-16 18:01:19.259000

2016-04-16 18:02:03 from c : check
data : 2016-04-16 18:02:03.261000

2016-04-16 18:02:47 from c : check
data : 2016-04-16 18:02:47.262000

2016-04-16 18:03:31 from c : check
data : 2016-04-16 18:03:31.264000

2016-04-16 18:04:15 from c : check
data : 2016-04-16 18:04:15.265000

2016-04-16 18:04:59 from c : check
data : 2016-04-16 18:04:59.267000

2016-04-16 18:05:43 from c : check
data : 2016-04-16 18:05:43.268000

2016-04-16 18:06:27 from c : check
data : 2016-04-16 18:06:27.270000

2016-04-16 18:07:11 from c : check
data : 2016-04-16 18:07:11.271000

2016-04-16 18:07:55 from c : check
data : 2016-04-16 18:07:55.273000

2016-04-16 18:08:39 from c : check
data : 2016-04-16 18:08:39.273000

2016-04-16 18:09:23 from c : check
data : 2016-04-16 18:09:23.275000

2016-04-16 18:10:07 from c : check
data : 2016-04-16 18:10:07.276000

2016-04-16 18:10:51 from c : check
data : 2016-04-16 18:10:51.278000

2016-04-16 18:11:35 from c : check
data : 2016-04-16 18:11:35.279000

2016-04-16 18:12:19 from c : check
data : 2016-04-16 18:12:19.281000

2016-04-16 18:13:03 from c : check
data : 2016-04-16 18:13:03.282000

2016-04-16 18:13:47 from c : check
data : 2016-04-16 18:13:47.284000

2016-04-16 18:14:31 from c : check
data : 2016-04-16 18:14:31.285000

2016-04-16 18:15:15 from c : check
data : 2016-04-16 18:15:15.287000

2016-04-16 18:15:59 from c : check
data : 2016-04-16 18:15:59.288000

2016-04-16 18:16:43 from c : check
data : 2016-04-16 18:16:43.290000

2016-04-16 18:17:27 from c : check
data : 2016-04-16 18:17:27.291000

2016-04-16 18:18:11 from c : check
data : 2016-04-16 18:18:11.293000

2016-04-16 18:18:55 from c : check
data : 2016-04-16 18:18:55.294000

2016-04-16 18:19:39 from c : check
data : 2016-04-16 18:19:39.296000

2016-04-16 18:20:23 from c : check
data : 2016-04-16 18:20:23.297000

2016-04-16 18:21:07 from c : check
data : 2016-04-16 18:21:07.299000

2016-04-16 18:21:51 from c : check
data : 2016-04-16 18:21:51.300000

2016-04-16 18:22:35 from c : check
data : 2016-04-16 18:22:35.302000

2016-04-16 18:23:19 from c : check
data : 2016-04-16 18:23:19.304000

2016-04-16 18:24:03 from c : check
data : 2016-04-16 18:24:03.305000

2016-04-16 18:24:47 from c : check
data : 2016-04-16 18:24:47.307000

2016-04-16 18:25:31 from c : check
data : 2016-04-16 18:25:31.308000

2016-04-16 18:26:15 from c : check
data : 2016-04-16 18:26:15.309000

2016-04-16 18:26:59 from c : check
data : 2016-04-16 18:26:59.310000

2016-04-16 18:27:43 from c : check
data : 2016-04-16 18:27:43.312000

2016-04-19 08:39:27 from c : check
data : 2016-04-19 08:39:27.780000

2016-04-19 08:40:12 from a : hold
data : 2016-04-19 08:40:12.247000

2016-04-19 08:40:12 from c : check
data : 2016-04-19 08:40:12.247000

2016-04-19 08:40:56 from a : hold
data : 2016-04-19 08:40:56.600000

2016-04-19 08:40:56 from c : check
data : 2016-04-19 08:40:56.601000

2016-04-19 08:41:40 from c : check
data : 2016-04-19 08:41:40.603000

2016-04-19 08:42:24 from c : check
data : 2016-04-19 08:42:24.604000

2016-04-19 08:43:08 from c : check
data : 2016-04-19 08:43:08.605000

2016-04-19 08:43:52 from c : check
data : 2016-04-19 08:43:52.606000

2016-04-19 08:44:36 from c : check
data : 2016-04-19 08:44:36.608000

2016-04-19 08:45:20 from c : check
data : 2016-04-19 08:45:20.609000

2016-04-19 08:46:04 from c : check
data : 2016-04-19 08:46:04.611000

2016-04-19 08:46:48 from c : check
data : 2016-04-19 08:46:48.611000

2016-04-19 08:47:32 from c : check
data : 2016-04-19 08:47:32.612000

2016-04-19 08:48:16 from c : check
data : 2016-04-19 08:48:16.613000

2016-04-19 08:49:00 from c : check
data : 2016-04-19 08:49:00.615000

2016-04-19 08:49:44 from c : check
data : 2016-04-19 08:49:44.616000

2016-04-19 08:50:28 from c : check
data : 2016-04-19 08:50:28.618000

2016-04-19 08:51:12 from c : check
data : 2016-04-19 08:51:12.619000

2016-04-19 08:51:56 from c : check
data : 2016-04-19 08:51:56.621000

2016-04-19 08:52:40 from c : check
data : 2016-04-19 08:52:40.622000

2016-04-19 08:53:24 from c : check
data : 2016-04-19 08:53:24.624000

2016-04-19 08:54:08 from c : check
data : 2016-04-19 08:54:08.625000

2016-04-19 08:54:52 from c : check
data : 2016-04-19 08:54:52.627000

2016-04-19 08:55:36 from c : check
data : 2016-04-19 08:55:36.628000

2016-04-19 08:56:20 from c : check
data : 2016-04-19 08:56:20.630000

2016-04-19 08:57:04 from c : check
data : 2016-04-19 08:57:04.631000

2016-04-19 08:57:48 from c : check
data : 2016-04-19 08:57:48.633000

2016-04-19 08:58:32 from c : check
data : 2016-04-19 08:58:32.634000

2016-04-19 08:59:16 from c : check
data : 2016-04-19 08:59:16.636000

2016-04-19 09:00:00 from c : check
data : 2016-04-19 09:00:00.638000

2016-04-19 09:00:44 from c : check
data : 2016-04-19 09:00:44.638000

2016-04-19 09:01:28 from c : check
data : 2016-04-19 09:01:28.640000

2016-04-19 09:02:12 from c : check
data : 2016-04-19 09:02:12.641000

2016-04-19 09:02:56 from c : check
data : 2016-04-19 09:02:56.643000

2016-04-19 09:03:40 from c : check
data : 2016-04-19 09:03:40.644000

2016-04-19 09:04:24 from c : check
data : 2016-04-19 09:04:24.645000

2016-04-19 09:05:08 from c : check
data : 2016-04-19 09:05:08.646000

2016-04-19 09:05:52 from c : check
data : 2016-04-19 09:05:52.648000

2016-04-19 09:06:36 from c : check
data : 2016-04-19 09:06:36.649000

2016-04-19 09:07:20 from c : check
data : 2016-04-19 09:07:20.651000

2016-04-19 09:08:04 from c : check
data : 2016-04-19 09:08:04.652000

2016-04-19 09:08:48 from c : check
data : 2016-04-19 09:08:48.654000

2016-04-19 09:09:32 from c : check
data : 2016-04-19 09:09:32.655000

2016-04-19 09:10:16 from c : check
data : 2016-04-19 09:10:16.657000

2016-04-19 09:11:00 from c : check
data : 2016-04-19 09:11:00.658000

2016-04-19 09:11:44 from c : check
data : 2016-04-19 09:11:44.660000

2016-04-19 09:12:28 from c : check
data : 2016-04-19 09:12:28.661000

2016-04-19 09:13:12 from c : check
data : 2016-04-19 09:13:12.663000

2016-04-19 09:13:56 from c : check
data : 2016-04-19 09:13:56.664000

2016-04-19 09:14:40 from c : check
data : 2016-04-19 09:14:40.666000

2016-04-19 09:15:24 from c : check
data : 2016-04-19 09:15:24.667000

2016-04-19 09:16:08 from c : check
data : 2016-04-19 09:16:08.669000

2016-04-19 09:16:52 from c : check
data : 2016-04-19 09:16:52.670000

2016-04-19 09:17:36 from c : check
data : 2016-04-19 09:17:36.672000

2016-04-19 09:18:20 from c : check
data : 2016-04-19 09:18:20.673000

2016-04-19 09:19:04 from c : check
data : 2016-04-19 09:19:04.675000

2016-04-19 09:19:48 from c : check
data : 2016-04-19 09:19:48.676000

2016-04-19 09:20:33 from b : loosen
data : 2016-04-19 09:20:33.123000

2016-04-19 09:20:33 from c : check
data : 2016-04-19 09:20:33.124000

2016-04-19 09:21:17 from c : check
data : 2016-04-19 09:21:17.125000

2016-04-19 09:22:01 from c : check
data : 2016-04-19 09:22:01.126000

2016-04-19 09:22:45 from c : check
data : 2016-04-19 09:22:45.128000

2016-04-19 09:23:29 from c : check
data : 2016-04-19 09:23:29.129000

2016-04-19 09:24:13 from c : check
data : 2016-04-19 09:24:13.131000

2016-04-19 09:24:57 from c : check
data : 2016-04-19 09:24:57.132000

2016-04-19 09:25:41 from c : check
data : 2016-04-19 09:25:41.134000

2016-04-19 09:26:25 from c : check
data : 2016-04-19 09:26:25.135000

2016-04-19 09:27:09 from c : check
data : 2016-04-19 09:27:09.137000

2016-04-19 09:27:53 from c : check
data : 2016-04-19 09:27:53.138000

2016-04-19 09:28:37 from c : check
data : 2016-04-19 09:28:37.140000

2016-04-19 09:29:21 from c : check
data : 2016-04-19 09:29:21.141000

2016-04-19 09:30:05 from c : check
data : 2016-04-19 09:30:05.143000

2016-04-19 09:30:49 from c : check
data : 2016-04-19 09:30:49.144000

2016-04-19 09:31:33 from c : check
data : 2016-04-19 09:31:33.146000

2016-04-19 09:32:17 from c : check
data : 2016-04-19 09:32:17.147000

2016-04-19 09:33:01 from c : check
data : 2016-04-19 09:33:01.149000

2016-04-19 09:33:45 from c : check
data : 2016-04-19 09:33:45.150000

2016-04-19 09:34:29 from c : check
data : 2016-04-19 09:34:29.152000

2016-04-19 09:35:13 from a : hold
data : 2016-04-19 09:35:13.514000

2016-04-19 09:35:13 from c : check
data : 2016-04-19 09:35:13.515000

2016-04-19 09:35:57 from a : hold
data : 2016-04-19 09:35:57.953000

2016-04-19 09:35:57 from c : check
data : 2016-04-19 09:35:57.954000

2016-04-19 09:36:41 from c : check
data : 2016-04-19 09:36:41.955000

2016-04-19 09:37:25 from c : check
data : 2016-04-19 09:37:25.957000

2016-04-19 09:38:09 from c : check
data : 2016-04-19 09:38:09.958000

2016-04-19 09:38:53 from c : check
data : 2016-04-19 09:38:53.960000

2016-04-19 09:39:37 from c : check
data : 2016-04-19 09:39:37.962000

2016-04-19 09:40:21 from c : check
data : 2016-04-19 09:40:21.963000

2016-04-19 09:41:05 from c : check
data : 2016-04-19 09:41:05.965000

2016-04-19 09:41:49 from c : check
data : 2016-04-19 09:41:49.966000

2016-04-19 09:42:33 from c : check
data : 2016-04-19 09:42:33.968000

2016-04-19 09:43:17 from c : check
data : 2016-04-19 09:43:17.969000

2016-04-19 09:44:01 from c : check
data : 2016-04-19 09:44:01.971000

2016-04-19 09:44:45 from c : check
data : 2016-04-19 09:44:45.972000

2016-04-19 09:45:29 from c : check
data : 2016-04-19 09:45:29.974000

2016-04-19 09:46:13 from c : check
data : 2016-04-19 09:46:13.975000

2016-04-19 09:46:57 from c : check
data : 2016-04-19 09:46:57.977000

2016-04-19 09:47:41 from c : check
data : 2016-04-19 09:47:41.978000

2016-04-19 09:48:25 from c : check
data : 2016-04-19 09:48:25.980000

2016-04-19 09:49:09 from c : check
data : 2016-04-19 09:49:09.981000

2016-04-19 09:49:53 from c : check
data : 2016-04-19 09:49:53.983000

2016-04-19 09:50:37 from c : check
data : 2016-04-19 09:50:37.983000

2016-04-19 09:51:21 from c : check
data : 2016-04-19 09:51:21.985000

2016-04-19 09:52:05 from c : check
data : 2016-04-19 09:52:05.986000

2016-04-19 09:52:49 from c : check
data : 2016-04-19 09:52:49.988000

2016-04-19 09:53:33 from c : check
data : 2016-04-19 09:53:33.989000

2016-04-19 09:54:17 from c : check
data : 2016-04-19 09:54:17.990000

2016-04-19 09:55:01 from c : check
data : 2016-04-19 09:55:01.991000

2016-04-19 09:55:45 from c : check
data : 2016-04-19 09:55:45.993000

2016-04-19 09:56:29 from c : check
data : 2016-04-19 09:56:29.994000

2016-04-19 09:57:13 from c : check
data : 2016-04-19 09:57:13.996000

2016-04-19 09:57:57 from c : check
data : 2016-04-19 09:57:57.997000

2016-04-19 09:58:41 from c : check
data : 2016-04-19 09:58:41.999000

2016-04-19 09:59:26 from c : check
data : 2016-04-19 09:59:26

2016-04-19 10:00:10 from c : check
data : 2016-04-19 10:00:10.002000

2016-04-19 10:00:54 from c : check
data : 2016-04-19 10:00:54.003000

2016-04-19 10:01:38 from c : check
data : 2016-04-19 10:01:38.005000

2016-04-19 10:02:22 from c : check
data : 2016-04-19 10:02:22.007000

2016-04-19 10:03:06 from c : check
data : 2016-04-19 10:03:06.008000

2016-04-19 10:03:50 from c : check
data : 2016-04-19 10:03:50.010000

2016-04-19 10:04:34 from c : check
data : 2016-04-19 10:04:34.011000

2016-04-19 10:05:18 from c : check
data : 2016-04-19 10:05:18.013000

2016-04-19 10:06:02 from c : check
data : 2016-04-19 10:06:02.014000

2016-04-19 10:06:46 from c : check
data : 2016-04-19 10:06:46.016000

2016-04-19 10:07:30 from c : check
data : 2016-04-19 10:07:30.017000

2016-04-19 10:08:14 from c : check
data : 2016-04-19 10:08:14.019000

2016-04-19 10:08:58 from c : check
data : 2016-04-19 10:08:58.020000

2016-04-19 10:09:42 from c : check
data : 2016-04-19 10:09:42.022000

2016-04-19 10:10:26 from c : check
data : 2016-04-19 10:10:26.023000

2016-04-19 10:11:10 from c : check
data : 2016-04-19 10:11:10.025000

2016-04-19 10:11:54 from c : check
data : 2016-04-19 10:11:54.026000

2016-04-19 10:12:38 from c : check
data : 2016-04-19 10:12:38.028000

2016-04-19 10:13:22 from c : check
data : 2016-04-19 10:13:22.029000

2016-04-19 10:14:06 from c : check
data : 2016-04-19 10:14:06.031000

2016-04-19 10:14:50 from c : check
data : 2016-04-19 10:14:50.031000

2016-04-19 10:15:34 from b : loosen
data : 2016-04-19 10:15:34.393000

2016-04-19 10:15:34 from c : check
data : 2016-04-19 10:15:34.394000

2016-04-19 10:16:18 from c : check
data : 2016-04-19 10:16:18.395000

2016-04-19 10:17:02 from c : check
data : 2016-04-19 10:17:02.397000

2016-04-19 10:17:46 from c : check
data : 2016-04-19 10:17:46.398000

2016-04-19 10:18:30 from c : check
data : 2016-04-19 10:18:30.400000

2016-04-19 10:19:14 from c : check
data : 2016-04-19 10:19:14.401000

2016-04-19 10:19:58 from c : check
data : 2016-04-19 10:19:58.403000

2016-04-19 10:20:42 from c : check
data : 2016-04-19 10:20:42.404000

2016-04-19 10:21:26 from c : check
data : 2016-04-19 10:21:26.406000

2016-04-19 10:22:10 from c : check
data : 2016-04-19 10:22:10.407000

2016-04-19 10:22:54 from c : check
data : 2016-04-19 10:22:54.409000

2016-04-19 10:23:38 from c : check
data : 2016-04-19 10:23:38.411000

2016-04-19 10:24:22 from c : check
data : 2016-04-19 10:24:22.412000

2016-04-19 10:25:06 from a : hold
data : 2016-04-19 10:25:06.875000

2016-04-19 10:25:06 from c : check
data : 2016-04-19 10:25:06.877000

2016-04-19 10:25:51 from a : hold
data : 2016-04-19 10:25:51.307000

2016-04-19 10:25:51 from c : check
data : 2016-04-19 10:25:51.308000

2016-04-19 10:26:35 from c : check
data : 2016-04-19 10:26:35.310000

2016-04-19 10:27:19 from c : check
data : 2016-04-19 10:27:19.311000

2016-04-19 10:28:03 from c : check
data : 2016-04-19 10:28:03.313000

2016-04-19 10:28:47 from c : check
data : 2016-04-19 10:28:47.314000

2016-04-19 10:29:31 from c : check
data : 2016-04-19 10:29:31.316000

2016-04-19 10:30:15 from c : check
data : 2016-04-19 10:30:15.317000

2016-04-19 10:30:59 from c : check
data : 2016-04-19 10:30:59.319000

2016-04-19 10:31:43 from c : check
data : 2016-04-19 10:31:43.320000

2016-04-19 10:32:27 from c : check
data : 2016-04-19 10:32:27.322000

2016-04-19 10:33:11 from c : check
data : 2016-04-19 10:33:11.323000

2016-04-19 10:33:55 from c : check
data : 2016-04-19 10:33:55.325000

2016-04-19 10:34:39 from c : check
data : 2016-04-19 10:34:39.326000

2016-04-19 10:35:23 from c : check
data : 2016-04-19 10:35:23.328000

2016-04-19 10:36:07 from c : check
data : 2016-04-19 10:36:07.329000

2016-04-19 10:36:51 from c : check
data : 2016-04-19 10:36:51.331000

2016-04-19 10:37:35 from c : check
data : 2016-04-19 10:37:35.332000

2016-04-19 10:38:19 from c : check
data : 2016-04-19 10:38:19.334000

2016-04-19 10:39:03 from c : check
data : 2016-04-19 10:39:03.335000

2016-04-19 10:39:47 from c : check
data : 2016-04-19 10:39:47.337000

2016-04-19 10:40:31 from c : check
data : 2016-04-19 10:40:31.338000

2016-04-19 10:41:15 from c : check
data : 2016-04-19 10:41:15.340000

2016-04-19 10:41:59 from c : check
data : 2016-04-19 10:41:59.340000

2016-04-19 10:42:43 from c : check
data : 2016-04-19 10:42:43.342000

2016-04-19 10:43:27 from c : check
data : 2016-04-19 10:43:27.344000

2016-04-19 10:44:11 from c : check
data : 2016-04-19 10:44:11.345000

2016-04-19 10:44:55 from c : check
data : 2016-04-19 10:44:55.347000

2016-04-19 10:45:39 from c : check
data : 2016-04-19 10:45:39.348000

2016-04-19 10:46:23 from c : check
data : 2016-04-19 10:46:23.350000

2016-04-19 10:47:07 from c : check
data : 2016-04-19 10:47:07.351000

2016-04-19 10:47:51 from c : check
data : 2016-04-19 10:47:51.353000

2016-04-19 10:48:35 from c : check
data : 2016-04-19 10:48:35.354000

2016-04-19 10:49:19 from c : check
data : 2016-04-19 10:49:19.356000

2016-04-19 10:50:03 from c : check
data : 2016-04-19 10:50:03.357000

2016-04-19 10:50:47 from c : check
data : 2016-04-19 10:50:47.359000

2016-04-19 10:51:31 from c : check
data : 2016-04-19 10:51:31.360000

2016-04-19 10:52:15 from c : check
data : 2016-04-19 10:52:15.362000

2016-04-19 10:52:59 from c : check
data : 2016-04-19 10:52:59.363000

2016-04-19 10:53:43 from c : check
data : 2016-04-19 10:53:43.365000

2016-04-19 10:54:27 from c : check
data : 2016-04-19 10:54:27.366000

2016-04-19 10:55:11 from c : check
data : 2016-04-19 10:55:11.367000

2016-04-19 10:55:55 from c : check
data : 2016-04-19 10:55:55.368000

2016-04-19 10:56:39 from c : check
data : 2016-04-19 10:56:39.370000

2016-04-19 10:57:23 from c : check
data : 2016-04-19 10:57:23.371000

2016-04-19 10:58:07 from c : check
data : 2016-04-19 10:58:07.373000

2016-04-19 10:58:51 from c : check
data : 2016-04-19 10:58:51.374000

2016-04-19 10:59:35 from c : check
data : 2016-04-19 10:59:35.376000

2016-04-19 11:00:19 from c : check
data : 2016-04-19 11:00:19.377000

2016-04-19 11:01:03 from c : check
data : 2016-04-19 11:01:03.378000

2016-04-19 11:01:47 from c : check
data : 2016-04-19 11:01:47.379000

2016-04-19 11:02:31 from c : check
data : 2016-04-19 11:02:31.381000

2016-04-19 11:03:15 from c : check
data : 2016-04-19 11:03:15.382000

2016-04-19 11:03:59 from c : check
data : 2016-04-19 11:03:59.384000

2016-04-19 11:04:43 from c : check
data : 2016-04-19 11:04:43.385000

2016-04-19 11:05:27 from b : loosen
data : 2016-04-19 11:05:27.809000

2016-04-19 11:05:27 from c : check
data : 2016-04-19 11:05:27.812000

2016-04-19 11:06:11 from c : check
data : 2016-04-19 11:06:11.813000

2016-04-19 11:06:55 from c : check
data : 2016-04-19 11:06:55.814000

2016-04-19 11:07:39 from c : check
data : 2016-04-19 11:07:39.815000

2016-04-19 11:08:23 from c : check
data : 2016-04-19 11:08:23.816000

2016-04-19 11:09:07 from c : check
data : 2016-04-19 11:09:07.818000

2016-04-19 11:09:51 from c : check
data : 2016-04-19 11:09:51.819000

2016-04-19 11:10:35 from c : check
data : 2016-04-19 11:10:35.821000

2016-04-19 11:11:19 from c : check
data : 2016-04-19 11:11:19.821000

2016-04-19 11:12:03 from c : check
data : 2016-04-19 11:12:03.823000

2016-04-19 11:12:47 from c : check
data : 2016-04-19 11:12:47.824000

2016-04-19 11:13:31 from c : check
data : 2016-04-19 11:13:31.826000

2016-04-19 11:14:15 from c : check
data : 2016-04-19 11:14:15.826000

2016-04-19 11:14:59 from c : check
data : 2016-04-19 11:14:59.827000

2016-04-19 11:15:44 from a : hold
data : 2016-04-19 11:15:44.283000

2016-04-19 11:15:44 from c : check
data : 2016-04-19 11:15:44.284000

2016-04-19 11:16:28 from c : check
data : 2016-04-19 11:16:28.286000

2016-04-19 11:17:12 from c : check
data : 2016-04-19 11:17:12.287000

2016-04-19 11:17:56 from c : check
data : 2016-04-19 11:17:56.289000

2016-04-19 11:18:40 from c : check
data : 2016-04-19 11:18:40.290000

2016-04-19 11:19:24 from c : check
data : 2016-04-19 11:19:24.292000

2016-04-19 11:20:08 from c : check
data : 2016-04-19 11:20:08.293000

2016-04-19 11:20:52 from c : check
data : 2016-04-19 11:20:52.295000

2016-04-19 11:21:36 from c : check
data : 2016-04-19 11:21:36.296000

2016-04-19 11:22:20 from c : check
data : 2016-04-19 11:22:20.298000

2016-04-19 11:23:04 from c : check
data : 2016-04-19 11:23:04.299000

2016-04-19 11:23:48 from c : check
data : 2016-04-19 11:23:48.300000

2016-04-19 11:24:32 from c : check
data : 2016-04-19 11:24:32.302000

2016-04-19 11:25:16 from c : check
data : 2016-04-19 11:25:16.303000

2016-04-19 11:26:00 from c : check
data : 2016-04-19 11:26:00.305000

2016-04-19 11:26:44 from c : check
data : 2016-04-19 11:26:44.306000

2016-04-19 11:27:28 from c : check
data : 2016-04-19 11:27:28.308000

2016-04-19 11:28:12 from c : check
data : 2016-04-19 11:28:12.309000

2016-04-19 11:28:56 from c : check
data : 2016-04-19 11:28:56.311000

2016-04-19 11:29:40 from c : check
data : 2016-04-19 11:29:40.312000

2016-04-19 11:30:24 from c : check
data : 2016-04-19 11:30:24.314000

2016-04-19 11:31:08 from c : check
data : 2016-04-19 11:31:08.315000

2016-04-19 11:31:52 from c : check
data : 2016-04-19 11:31:52.317000

2016-04-19 11:32:36 from c : check
data : 2016-04-19 11:32:36.317000

2016-04-19 11:33:20 from c : check
data : 2016-04-19 11:33:20.319000

2016-04-19 11:34:04 from c : check
data : 2016-04-19 11:34:04.320000

2016-04-19 11:34:48 from c : check
data : 2016-04-19 11:34:48.321000

2016-04-19 11:35:32 from c : check
data : 2016-04-19 11:35:32.321000

2016-04-19 11:36:16 from c : check
data : 2016-04-19 11:36:16.323000

2016-04-19 11:37:00 from c : check
data : 2016-04-19 11:37:00.324000

2016-04-19 11:37:44 from c : check
data : 2016-04-19 11:37:44.325000

2016-04-19 11:38:28 from c : check
data : 2016-04-19 11:38:28.326000

2016-04-19 11:39:12 from c : check
data : 2016-04-19 11:39:12.328000

2016-04-19 11:39:56 from c : check
data : 2016-04-19 11:39:56.329000

2016-04-19 11:40:40 from c : check
data : 2016-04-19 11:40:40.330000

2016-04-19 11:41:24 from c : check
data : 2016-04-19 11:41:24.331000

2016-04-19 11:42:08 from c : check
data : 2016-04-19 11:42:08.333000

2016-04-19 11:42:52 from c : check
data : 2016-04-19 11:42:52.334000

2016-04-19 11:43:36 from c : check
data : 2016-04-19 11:43:36.336000

2016-04-19 11:44:20 from c : check
data : 2016-04-19 11:44:20.336000

2016-04-19 11:45:04 from c : check
data : 2016-04-19 11:45:04.338000

2016-04-19 11:45:48 from c : check
data : 2016-04-19 11:45:48.340000

2016-04-19 11:46:32 from c : check
data : 2016-04-19 11:46:32.341000

2016-04-19 11:47:16 from c : check
data : 2016-04-19 11:47:16.343000

2016-04-19 11:48:00 from c : check
data : 2016-04-19 11:48:00.344000

2016-04-19 11:48:44 from c : check
data : 2016-04-19 11:48:44.346000

2016-04-19 11:49:28 from c : check
data : 2016-04-19 11:49:28.347000

2016-04-19 11:50:12 from c : check
data : 2016-04-19 11:50:12.349000

2016-04-19 11:50:56 from c : check
data : 2016-04-19 11:50:56.350000

2016-04-19 11:51:40 from c : check
data : 2016-04-19 11:51:40.352000

2016-04-19 11:52:24 from c : check
data : 2016-04-19 11:52:24.352000

2016-04-19 11:53:08 from c : check
data : 2016-04-19 11:53:08.354000

2016-04-19 11:53:52 from c : check
data : 2016-04-19 11:53:52.354000

2016-04-19 11:54:36 from c : check
data : 2016-04-19 11:54:36.356000

2016-04-19 11:55:20 from b : loosen
data : 2016-04-19 11:55:20.770000

2016-04-19 11:55:20 from c : check
data : 2016-04-19 11:55:20.771000

2016-04-19 11:56:04 from c : check
data : 2016-04-19 11:56:04.773000

2016-04-19 11:56:48 from c : check
data : 2016-04-19 11:56:48.774000

2016-04-19 11:57:32 from c : check
data : 2016-04-19 11:57:32.776000

2016-04-19 11:58:16 from c : check
data : 2016-04-19 11:58:16.776000

2016-04-19 11:59:00 from c : check
data : 2016-04-19 11:59:00.778000

2016-04-19 11:59:44 from c : check
data : 2016-04-19 11:59:44.778000

2016-04-19 12:00:28 from c : check
data : 2016-04-19 12:00:28.780000

2016-04-19 12:01:12 from c : check
data : 2016-04-19 12:01:12.781000

2016-04-19 12:01:56 from c : check
data : 2016-04-19 12:01:56.782000

2016-04-19 12:02:40 from c : check
data : 2016-04-19 12:02:40.783000

2016-04-19 12:03:24 from c : check
data : 2016-04-19 12:03:24.785000

2016-04-19 12:04:08 from c : check
data : 2016-04-19 12:04:08.786000

2016-04-19 12:04:52 from c : check
data : 2016-04-19 12:04:52.788000

2016-04-19 12:05:36 from c : check
data : 2016-04-19 12:05:36.789000

2016-04-19 12:06:20 from c : check
data : 2016-04-19 12:06:20.791000

2016-04-19 12:07:04 from c : check
data : 2016-04-19 12:07:04.793000

2016-04-19 12:07:48 from c : check
data : 2016-04-19 12:07:48.794000

2016-04-19 12:08:32 from c : check
data : 2016-04-19 12:08:32.796000

2016-04-19 12:09:16 from c : check
data : 2016-04-19 12:09:16.797000

2016-04-19 12:10:00 from c : check
data : 2016-04-19 12:10:00.799000

2016-04-19 12:10:44 from c : check
data : 2016-04-19 12:10:44.800000

2016-04-19 12:11:28 from c : check
data : 2016-04-19 12:11:28.802000

2016-04-19 12:12:12 from c : check
data : 2016-04-19 12:12:12.803000

2016-04-19 12:12:56 from c : check
data : 2016-04-19 12:12:56.805000

2016-04-19 12:13:40 from c : check
data : 2016-04-19 12:13:40.806000

2016-04-19 12:14:24 from c : check
data : 2016-04-19 12:14:24.808000

2016-04-19 12:15:08 from c : check
data : 2016-04-19 12:15:08.809000

2016-04-19 12:15:52 from c : check
data : 2016-04-19 12:15:52.811000

2016-04-19 12:16:36 from c : check
data : 2016-04-19 12:16:36.812000

2016-04-19 12:17:20 from c : check
data : 2016-04-19 12:17:20.814000

2016-04-19 12:18:04 from c : check
data : 2016-04-19 12:18:04.815000

2016-04-19 12:18:48 from c : check
data : 2016-04-19 12:18:48.817000

2016-04-19 12:19:32 from c : check
data : 2016-04-19 12:19:32.818000

2016-04-19 12:20:16 from c : check
data : 2016-04-19 12:20:16.820000

2016-04-19 12:21:00 from c : check
data : 2016-04-19 12:21:00.821000

2016-04-19 12:21:44 from c : check
data : 2016-04-19 12:21:44.823000

2016-04-19 12:22:28 from c : check
data : 2016-04-19 12:22:28.823000

2016-04-19 12:23:12 from c : check
data : 2016-04-19 12:23:12.825000

2016-04-19 12:23:56 from c : check
data : 2016-04-19 12:23:56.826000

2016-04-19 12:24:40 from c : check
data : 2016-04-19 12:24:40.828000

2016-04-19 12:25:24 from c : check
data : 2016-04-19 12:25:24.829000

2016-04-19 12:26:08 from c : check
data : 2016-04-19 12:26:08.830000

2016-04-19 12:26:52 from c : check
data : 2016-04-19 12:26:52.831000

2016-04-19 12:27:36 from c : check
data : 2016-04-19 12:27:36.833000

2016-04-19 12:28:20 from c : check
data : 2016-04-19 12:28:20.834000

2016-04-19 12:29:04 from c : check
data : 2016-04-19 12:29:04.836000

2016-04-19 12:29:48 from c : check
data : 2016-04-19 12:29:48.838000

2016-04-19 12:30:32 from c : check
data : 2016-04-19 12:30:32.839000

2016-04-19 12:31:16 from c : check
data : 2016-04-19 12:31:16.841000

2016-04-19 12:32:00 from c : check
data : 2016-04-19 12:32:00.842000

2016-04-19 12:32:44 from c : check
data : 2016-04-19 12:32:44.844000

2016-04-19 12:33:28 from c : check
data : 2016-04-19 12:33:28.845000

2016-04-19 12:34:12 from c : check
data : 2016-04-19 12:34:12.847000

2016-04-19 12:34:56 from c : check
data : 2016-04-19 12:34:56.848000

2016-04-19 12:35:40 from c : check
data : 2016-04-19 12:35:40.850000

2016-04-19 12:36:24 from c : check
data : 2016-04-19 12:36:24.851000

2016-04-19 12:37:08 from c : check
data : 2016-04-19 12:37:08.853000

2016-04-19 12:37:52 from c : check
data : 2016-04-19 12:37:52.854000

2016-04-19 12:38:36 from c : check
data : 2016-04-19 12:38:36.856000

2016-04-19 12:39:20 from c : check
data : 2016-04-19 12:39:20.857000

2016-04-19 12:40:04 from c : check
data : 2016-04-19 12:40:04.859000

2016-04-19 12:40:48 from c : check
data : 2016-04-19 12:40:48.860000

2016-04-19 12:41:32 from c : check
data : 2016-04-19 12:41:32.862000

2016-04-19 12:42:16 from c : check
data : 2016-04-19 12:42:16.863000

2016-04-19 12:43:00 from c : check
data : 2016-04-19 12:43:00.865000

2016-04-19 12:43:44 from c : check
data : 2016-04-19 12:43:44.866000

2016-04-19 12:44:28 from c : check
data : 2016-04-19 12:44:28.868000

2016-04-19 12:45:12 from c : check
data : 2016-04-19 12:45:12.869000

2016-04-19 12:45:56 from c : check
data : 2016-04-19 12:45:56.871000

2016-04-19 12:46:40 from c : check
data : 2016-04-19 12:46:40.871000

2016-04-19 12:47:24 from c : check
data : 2016-04-19 12:47:24.873000

2016-04-19 12:48:08 from c : check
data : 2016-04-19 12:48:08.874000

2016-04-19 12:48:52 from c : check
data : 2016-04-19 12:48:52.876000

2016-04-20 10:21:41 from c : check
data : 2016-04-20 10:21:41.953000

2016-04-20 10:22:25 from c : check
data : 2016-04-20 10:22:25.978000

2016-04-20 10:27:18 from c : check
data : 2016-04-20 10:27:18.855000

2016-04-20 10:28:02 from c : check
data : 2016-04-20 10:28:02.856000

2016-04-20 10:28:46 from c : check
data : 2016-04-20 10:28:46.856000

2016-04-20 10:29:30 from c : check
data : 2016-04-20 10:29:30.858000

2016-04-20 10:30:14 from c : check
data : 2016-04-20 10:30:14.859000

2016-04-20 10:30:58 from c : check
data : 2016-04-20 10:30:58.861000

2016-04-20 10:31:42 from c : check
data : 2016-04-20 10:31:42.861000

2016-04-20 10:32:26 from c : check
data : 2016-04-20 10:32:26.863000

2016-04-20 10:33:10 from c : check
data : 2016-04-20 10:33:10.864000

2016-04-20 10:33:54 from c : check
data : 2016-04-20 10:33:54.866000

2016-04-20 10:34:38 from c : check
data : 2016-04-20 10:34:38.867000

2016-04-20 10:35:22 from c : check
data : 2016-04-20 10:35:22.869000

2016-04-20 10:36:06 from c : check
data : 2016-04-20 10:36:06.870000

2016-04-20 10:36:50 from c : check
data : 2016-04-20 10:36:50.872000

2016-04-20 10:37:34 from c : check
data : 2016-04-20 10:37:34.872000

2016-04-20 10:38:18 from c : check
data : 2016-04-20 10:38:18.874000

2016-04-20 10:39:02 from c : check
data : 2016-04-20 10:39:02.875000

2016-04-20 10:39:46 from c : check
data : 2016-04-20 10:39:46.877000

2016-04-20 10:40:30 from c : check
data : 2016-04-20 10:40:30.877000

2016-04-20 10:41:14 from c : check
data : 2016-04-20 10:41:14.879000

2016-04-20 10:41:58 from c : check
data : 2016-04-20 10:41:58.879000

2016-04-20 10:42:42 from c : check
data : 2016-04-20 10:42:42.880000

2016-04-20 10:43:26 from c : check
data : 2016-04-20 10:43:26.882000

2016-04-20 10:44:10 from c : check
data : 2016-04-20 10:44:10.883000

2016-04-20 10:44:54 from c : check
data : 2016-04-20 10:44:54.884000

2016-04-20 10:45:38 from c : check
data : 2016-04-20 10:45:38.885000

2016-04-20 10:46:22 from c : check
data : 2016-04-20 10:46:22.886000

2016-04-20 10:47:06 from c : check
data : 2016-04-20 10:47:06.886000

2016-04-20 10:47:50 from c : check
data : 2016-04-20 10:47:50.887000

2016-04-20 10:48:34 from c : check
data : 2016-04-20 10:48:34.887000

2016-04-20 10:49:18 from c : check
data : 2016-04-20 10:49:18.888000

2016-04-20 10:50:02 from c : check
data : 2016-04-20 10:50:02.888000

2016-04-20 10:50:46 from c : check
data : 2016-04-20 10:50:46.889000

2016-04-20 10:51:30 from c : check
data : 2016-04-20 10:51:30.890000

2016-04-20 10:52:14 from c : check
data : 2016-04-20 10:52:14.892000

2016-04-20 10:52:58 from c : check
data : 2016-04-20 10:52:58.893000

2016-04-20 10:53:42 from c : check
data : 2016-04-20 10:53:42.894000

2016-04-20 10:54:26 from c : check
data : 2016-04-20 10:54:26.895000

2016-04-20 10:55:10 from c : check
data : 2016-04-20 10:55:10.897000

2016-04-20 10:55:54 from c : check
data : 2016-04-20 10:55:54.897000

2016-04-20 10:56:38 from c : check
data : 2016-04-20 10:56:38.899000

2016-04-20 10:57:22 from c : check
data : 2016-04-20 10:57:22.900000

2016-04-20 10:58:06 from c : check
data : 2016-04-20 10:58:06.901000

2016-04-20 10:58:50 from c : check
data : 2016-04-20 10:58:50.902000

2016-04-20 10:59:34 from c : check
data : 2016-04-20 10:59:34.904000

2016-04-20 11:00:18 from c : check
data : 2016-04-20 11:00:18.905000

2016-04-20 11:01:02 from c : check
data : 2016-04-20 11:01:02.907000

2016-04-20 11:01:46 from c : check
data : 2016-04-20 11:01:46.907000

2016-04-20 11:02:30 from c : check
data : 2016-04-20 11:02:30.909000

2016-04-20 11:03:14 from c : check
data : 2016-04-20 11:03:14.910000

2016-04-20 11:03:58 from c : check
data : 2016-04-20 11:03:58.912000

2016-04-20 11:04:42 from c : check
data : 2016-04-20 11:04:42.914000

2016-04-20 11:05:27 from b : loosen
data : 2016-04-20 11:05:27.376000

2016-04-20 11:05:27 from c : check
data : 2016-04-20 11:05:27.377000

2016-04-20 11:06:11 from c : check
data : 2016-04-20 11:06:11.379000

2016-04-20 11:06:55 from c : check
data : 2016-04-20 11:06:55.380000

2016-04-20 11:07:39 from c : check
data : 2016-04-20 11:07:39.382000

2016-04-20 11:08:23 from c : check
data : 2016-04-20 11:08:23.383000

2016-04-20 11:09:07 from c : check
data : 2016-04-20 11:09:07.385000

2016-04-20 11:09:51 from c : check
data : 2016-04-20 11:09:51.385000

2016-04-20 11:10:35 from c : check
data : 2016-04-20 11:10:35.386000

2016-04-20 11:11:19 from c : check
data : 2016-04-20 11:11:19.386000

2016-04-20 11:12:03 from c : check
data : 2016-04-20 11:12:03.388000

2016-04-20 11:12:47 from c : check
data : 2016-04-20 11:12:47.389000

2016-04-20 11:13:31 from c : check
data : 2016-04-20 11:13:31.391000

2016-04-20 11:14:15 from c : check
data : 2016-04-20 11:14:15.392000

2016-04-20 11:14:59 from c : check
data : 2016-04-20 11:14:59.394000

2016-04-20 11:15:43 from a : hold
data : 2016-04-20 11:15:43.762000

2016-04-20 11:15:43 from c : check
data : 2016-04-20 11:15:43.763000

2016-04-20 11:16:27 from c : check
data : 2016-04-20 11:16:27.764000

2016-04-20 11:17:11 from c : check
data : 2016-04-20 11:17:11.764000

2016-04-20 11:17:55 from c : check
data : 2016-04-20 11:17:55.765000

2016-04-20 11:18:39 from c : check
data : 2016-04-20 11:18:39.766000

2016-04-20 11:19:23 from c : check
data : 2016-04-20 11:19:23.768000

2016-04-20 11:20:07 from c : check
data : 2016-04-20 11:20:07.769000

2016-04-20 11:20:51 from c : check
data : 2016-04-20 11:20:51.771000

2016-04-20 11:21:35 from c : check
data : 2016-04-20 11:21:35.772000

2016-04-20 11:22:19 from c : check
data : 2016-04-20 11:22:19.774000

2016-04-20 11:23:03 from c : check
data : 2016-04-20 11:23:03.775000

2016-04-20 11:23:47 from c : check
data : 2016-04-20 11:23:47.776000

2016-04-20 11:24:31 from c : check
data : 2016-04-20 11:24:31.777000

2016-04-20 11:25:15 from c : check
data : 2016-04-20 11:25:15.778000

2016-04-20 11:25:59 from c : check
data : 2016-04-20 11:25:59.780000

2016-04-20 11:26:43 from c : check
data : 2016-04-20 11:26:43.781000

2016-04-20 11:27:27 from c : check
data : 2016-04-20 11:27:27.783000

2016-04-20 11:28:11 from c : check
data : 2016-04-20 11:28:11.783000

2016-04-20 11:28:55 from c : check
data : 2016-04-20 11:28:55.785000

2016-04-20 11:29:39 from c : check
data : 2016-04-20 11:29:39.785000

2016-04-20 11:30:23 from c : check
data : 2016-04-20 11:30:23.787000

2016-04-20 11:31:07 from c : check
data : 2016-04-20 11:31:07.788000

2016-04-20 11:31:51 from c : check
data : 2016-04-20 11:31:51.790000

2016-04-20 11:32:35 from c : check
data : 2016-04-20 11:32:35.790000

2016-04-20 11:33:19 from c : check
data : 2016-04-20 11:33:19.792000

2016-04-20 11:34:03 from c : check
data : 2016-04-20 11:34:03.793000

2016-04-20 11:34:47 from c : check
data : 2016-04-20 11:34:47.795000

2016-04-20 11:35:31 from c : check
data : 2016-04-20 11:35:31.795000

2016-04-20 11:36:15 from c : check
data : 2016-04-20 11:36:15.797000

2016-04-20 11:36:59 from c : check
data : 2016-04-20 11:36:59.798000

2016-04-20 11:37:43 from c : check
data : 2016-04-20 11:37:43.800000

2016-04-20 11:38:27 from c : check
data : 2016-04-20 11:38:27.801000

2016-04-20 11:39:11 from c : check
data : 2016-04-20 11:39:11.803000

2016-04-20 11:39:55 from c : check
data : 2016-04-20 11:39:55.804000

2016-04-20 11:40:39 from c : check
data : 2016-04-20 11:40:39.806000

2016-04-20 11:41:23 from c : check
data : 2016-04-20 11:41:23.807000

2016-04-20 11:42:07 from c : check
data : 2016-04-20 11:42:07.809000

2016-04-20 11:42:51 from c : check
data : 2016-04-20 11:42:51.810000

2016-04-20 11:43:35 from c : check
data : 2016-04-20 11:43:35.811000

2016-04-20 11:44:19 from c : check
data : 2016-04-20 11:44:19.812000

2016-04-20 11:45:03 from c : check
data : 2016-04-20 11:45:03.814000

2016-04-20 11:45:47 from c : check
data : 2016-04-20 11:45:47.815000

2016-04-20 11:46:31 from c : check
data : 2016-04-20 11:46:31.817000

2016-04-20 11:47:15 from c : check
data : 2016-04-20 11:47:15.819000

2016-04-20 11:47:59 from c : check
data : 2016-04-20 11:47:59.820000

2016-04-20 11:48:43 from c : check
data : 2016-04-20 11:48:43.822000

2016-04-20 11:49:27 from c : check
data : 2016-04-20 11:49:27.823000

2016-04-20 11:50:11 from c : check
data : 2016-04-20 11:50:11.825000

2016-04-20 11:50:55 from c : check
data : 2016-04-20 11:50:55.826000

2016-04-20 11:51:39 from c : check
data : 2016-04-20 11:51:39.827000

2016-04-20 11:52:23 from c : check
data : 2016-04-20 11:52:23.827000

2016-04-20 11:53:07 from c : check
data : 2016-04-20 11:53:07.828000

2016-04-20 11:53:51 from c : check
data : 2016-04-20 11:53:51.829000

2016-04-20 11:54:35 from c : check
data : 2016-04-20 11:54:35.831000

2016-04-20 11:55:20 from b : loosen
data : 2016-04-20 11:55:20.205000

2016-04-20 11:55:20 from c : check
data : 2016-04-20 11:55:20.206000

2016-04-20 11:56:04 from c : check
data : 2016-04-20 11:56:04.207000

2016-04-20 11:56:48 from c : check
data : 2016-04-20 11:56:48.207000

2016-04-20 11:57:32 from c : check
data : 2016-04-20 11:57:32.208000

2016-04-20 11:58:16 from c : check
data : 2016-04-20 11:58:16.208000

2016-04-20 11:59:00 from c : check
data : 2016-04-20 11:59:00.209000

2016-04-20 11:59:44 from c : check
data : 2016-04-20 11:59:44.209000

2016-04-20 12:00:28 from c : check
data : 2016-04-20 12:00:28.210000

2016-04-20 12:01:12 from c : check
data : 2016-04-20 12:01:12.211000

2016-04-20 12:01:56 from c : check
data : 2016-04-20 12:01:56.212000

2016-04-20 12:02:40 from c : check
data : 2016-04-20 12:02:40.213000

2016-04-20 12:03:24 from c : check
data : 2016-04-20 12:03:24.214000

2016-04-20 12:04:08 from c : check
data : 2016-04-20 12:04:08.214000

2016-04-20 12:04:52 from c : check
data : 2016-04-20 12:04:52.216000

2016-04-20 12:05:36 from c : check
data : 2016-04-20 12:05:36.217000

2016-04-20 12:06:20 from c : check
data : 2016-04-20 12:06:20.219000

2016-04-20 12:07:04 from c : check
data : 2016-04-20 12:07:04.220000

2016-04-20 12:07:48 from c : check
data : 2016-04-20 12:07:48.222000

2016-04-20 12:08:32 from c : check
data : 2016-04-20 12:08:32.224000

2016-04-20 12:09:16 from c : check
data : 2016-04-20 12:09:16.225000

2016-04-20 12:10:00 from c : check
data : 2016-04-20 12:10:00.227000

2016-04-20 12:10:44 from c : check
data : 2016-04-20 12:10:44.228000

2016-04-20 12:11:28 from c : check
data : 2016-04-20 12:11:28.230000

2016-04-20 12:12:12 from c : check
data : 2016-04-20 12:12:12.231000

2016-04-20 12:12:56 from c : check
data : 2016-04-20 12:12:56.233000

2016-04-20 12:13:40 from c : check
data : 2016-04-20 12:13:40.234000

2016-04-20 12:14:24 from c : check
data : 2016-04-20 12:14:24.236000

2016-04-20 12:15:08 from c : check
data : 2016-04-20 12:15:08.237000

2016-04-20 12:15:52 from c : check
data : 2016-04-20 12:15:52.239000

2016-04-20 12:16:36 from c : check
data : 2016-04-20 12:16:36.240000

2016-04-20 12:17:20 from c : check
data : 2016-04-20 12:17:20.242000

2016-04-20 12:18:04 from c : check
data : 2016-04-20 12:18:04.243000

2016-04-20 12:18:48 from c : check
data : 2016-04-20 12:18:48.245000

2016-04-20 12:19:32 from c : check
data : 2016-04-20 12:19:32.246000

2016-04-20 12:20:16 from c : check
data : 2016-04-20 12:20:16.248000

2016-04-20 12:21:00 from c : check
data : 2016-04-20 12:21:00.249000

2016-04-20 12:21:44 from c : check
data : 2016-04-20 12:21:44.251000

2016-04-20 12:22:28 from c : check
data : 2016-04-20 12:22:28.252000

2016-04-20 12:23:12 from c : check
data : 2016-04-20 12:23:12.254000

2016-04-20 12:23:56 from c : check
data : 2016-04-20 12:23:56.255000

2016-04-20 12:24:40 from c : check
data : 2016-04-20 12:24:40.257000

2016-04-20 12:25:24 from c : check
data : 2016-04-20 12:25:24.258000

2016-04-20 12:26:08 from c : check
data : 2016-04-20 12:26:08.260000

2016-04-20 12:26:52 from c : check
data : 2016-04-20 12:26:52.261000

2016-04-20 12:27:36 from c : check
data : 2016-04-20 12:27:36.262000

2016-04-20 12:28:20 from c : check
data : 2016-04-20 12:28:20.263000

2016-04-20 12:29:04 from c : check
data : 2016-04-20 12:29:04.265000

2016-04-20 12:29:48 from c : check
data : 2016-04-20 12:29:48.267000

2016-04-20 12:30:32 from c : check
data : 2016-04-20 12:30:32.268000

2016-04-20 12:31:16 from c : check
data : 2016-04-20 12:31:16.270000

2016-04-20 12:32:00 from c : check
data : 2016-04-20 12:32:00.271000

2016-04-20 12:32:44 from c : check
data : 2016-04-20 12:32:44.273000

2016-04-20 12:33:28 from c : check
data : 2016-04-20 12:33:28.274000

2016-04-20 12:34:12 from c : check
data : 2016-04-20 12:34:12.276000

2016-04-20 12:34:56 from c : check
data : 2016-04-20 12:34:56.277000

2016-04-20 12:35:40 from c : check
data : 2016-04-20 12:35:40.279000

2016-04-20 12:36:24 from c : check
data : 2016-04-20 12:36:24.280000

2016-04-20 12:37:08 from c : check
data : 2016-04-20 12:37:08.282000

2016-04-20 12:37:52 from c : check
data : 2016-04-20 12:37:52.283000

2016-04-20 12:38:36 from c : check
data : 2016-04-20 12:38:36.285000

2016-04-20 12:39:20 from c : check
data : 2016-04-20 12:39:20.286000

2016-04-20 12:40:04 from c : check
data : 2016-04-20 12:40:04.288000

2016-04-20 12:40:48 from c : check
data : 2016-04-20 12:40:48.289000

2016-04-20 12:41:32 from c : check
data : 2016-04-20 12:41:32.291000

2016-04-20 12:42:16 from c : check
data : 2016-04-20 12:42:16.292000

2016-04-20 12:43:00 from c : check
data : 2016-04-20 12:43:00.294000

2016-04-20 12:43:44 from c : check
data : 2016-04-20 12:43:44.295000

2016-04-20 12:44:28 from c : check
data : 2016-04-20 12:44:28.297000

2016-04-20 12:45:12 from c : check
data : 2016-04-20 12:45:12.298000

2016-04-20 12:45:56 from c : check
data : 2016-04-20 12:45:56.300000

2016-04-20 12:46:40 from c : check
data : 2016-04-20 12:46:40.301000

2016-04-20 12:47:24 from c : check
data : 2016-04-20 12:47:24.303000

2016-04-20 12:48:08 from c : check
data : 2016-04-20 12:48:08.304000

2016-04-20 12:48:52 from c : check
data : 2016-04-20 12:48:52.306000

2016-04-20 12:49:36 from c : check
data : 2016-04-20 12:49:36.307000

2016-04-20 12:50:20 from c : check
data : 2016-04-20 12:50:20.309000

2016-04-20 12:51:04 from c : check
data : 2016-04-20 12:51:04.311000

2016-04-20 12:51:48 from c : check
data : 2016-04-20 12:51:48.312000

2016-04-20 12:52:32 from c : check
data : 2016-04-20 12:52:32.314000

2016-04-20 12:53:16 from c : check
data : 2016-04-20 12:53:16.315000

2016-04-20 12:54:00 from c : check
data : 2016-04-20 12:54:00.317000

2016-04-20 12:54:44 from c : check
data : 2016-04-20 12:54:44.317000

2016-04-20 12:55:28 from c : check
data : 2016-04-20 12:55:28.319000

2016-04-20 12:56:12 from c : check
data : 2016-04-20 12:56:12.320000

2016-04-20 12:56:56 from c : check
data : 2016-04-20 12:56:56.322000

2016-04-20 12:57:40 from c : check
data : 2016-04-20 12:57:40.323000

2016-04-20 12:58:24 from c : check
data : 2016-04-20 12:58:24.325000

2016-04-20 12:59:08 from c : check
data : 2016-04-20 12:59:08.326000

2016-04-20 12:59:52 from c : check
data : 2016-04-20 12:59:52.328000

2016-04-20 13:00:36 from c : check
data : 2016-04-20 13:00:36.329000

2016-04-20 13:01:20 from c : check
data : 2016-04-20 13:01:20.331000

2016-04-20 13:02:04 from c : check
data : 2016-04-20 13:02:04.332000

2016-04-20 13:02:48 from c : check
data : 2016-04-20 13:02:48.334000

2016-04-20 13:03:32 from c : check
data : 2016-04-20 13:03:32.335000

2016-04-20 13:04:16 from c : check
data : 2016-04-20 13:04:16.337000

2016-04-20 13:05:00 from c : check
data : 2016-04-20 13:05:00.338000

2016-04-20 13:05:44 from c : check
data : 2016-04-20 13:05:44.340000

2016-04-20 13:06:28 from c : check
data : 2016-04-20 13:06:28.341000

2016-04-20 13:07:12 from c : check
data : 2016-04-20 13:07:12.343000

2016-04-20 13:07:56 from c : check
data : 2016-04-20 13:07:56.344000

2016-04-20 13:08:40 from c : check
data : 2016-04-20 13:08:40.345000

2016-04-20 13:09:24 from c : check
data : 2016-04-20 13:09:24.346000

2016-04-20 13:10:08 from c : check
data : 2016-04-20 13:10:08.348000

2016-04-20 13:10:52 from c : check
data : 2016-04-20 13:10:52.349000

2016-04-20 13:11:36 from c : check
data : 2016-04-20 13:11:36.351000

2016-04-20 13:12:20 from c : check
data : 2016-04-20 13:12:20.351000

2016-04-20 13:13:04 from c : check
data : 2016-04-20 13:13:04.353000

2016-04-20 13:13:48 from c : check
data : 2016-04-20 13:13:48.355000

2016-04-20 13:14:32 from c : check
data : 2016-04-20 13:14:32.355000

2016-04-20 13:15:16 from c : check
data : 2016-04-20 13:15:16.357000

2016-04-20 13:16:00 from c : check
data : 2016-04-20 13:16:00.358000

2016-04-20 13:16:44 from c : check
data : 2016-04-20 13:16:44.359000

2016-04-20 13:17:28 from c : check
data : 2016-04-20 13:17:28.360000

2016-04-20 13:18:12 from c : check
data : 2016-04-20 13:18:12.362000

2016-04-20 13:18:56 from c : check
data : 2016-04-20 13:18:56.363000

2016-04-20 13:19:40 from c : check
data : 2016-04-20 13:19:40.365000

2016-04-20 13:20:24 from c : check
data : 2016-04-20 13:20:24.366000

2016-04-20 13:21:08 from c : check
data : 2016-04-20 13:21:08.368000

2016-04-20 13:21:52 from c : check
data : 2016-04-20 13:21:52.369000

2016-04-20 13:22:36 from c : check
data : 2016-04-20 13:22:36.371000

2016-04-20 13:23:20 from c : check
data : 2016-04-20 13:23:20.372000

2016-04-20 13:24:04 from c : check
data : 2016-04-20 13:24:04.374000

2016-04-20 13:24:48 from c : check
data : 2016-04-20 13:24:48.375000

2016-04-20 13:25:32 from c : check
data : 2016-04-20 13:25:32.377000

2016-04-20 13:26:16 from c : check
data : 2016-04-20 13:26:16.378000

2016-04-20 13:27:00 from c : check
data : 2016-04-20 13:27:00.379000

2016-04-20 13:27:44 from c : check
data : 2016-04-20 13:27:44.380000

2016-04-20 13:28:28 from c : check
data : 2016-04-20 13:28:28.382000

2016-04-20 13:29:12 from c : check
data : 2016-04-20 13:29:12.383000

2016-04-20 13:29:56 from c : check
data : 2016-04-20 13:29:56.385000

2016-04-20 13:30:40 from c : check
data : 2016-04-20 13:30:40.386000

2016-04-20 13:31:24 from c : check
data : 2016-04-20 13:31:24.388000

2016-04-20 13:32:08 from c : check
data : 2016-04-20 13:32:08.389000

2016-04-20 13:32:52 from c : check
data : 2016-04-20 13:32:52.391000

2016-04-20 13:33:36 from c : check
data : 2016-04-20 13:33:36.392000

2016-04-20 13:34:20 from c : check
data : 2016-04-20 13:34:20.394000

2016-04-20 13:35:04 from c : check
data : 2016-04-20 13:35:04.396000

2016-04-20 13:35:48 from c : check
data : 2016-04-20 13:35:48.397000

2016-04-20 13:36:32 from c : check
data : 2016-04-20 13:36:32.398000

2016-04-20 13:37:16 from c : check
data : 2016-04-20 13:37:16.399000

2016-04-20 13:38:00 from c : check
data : 2016-04-20 13:38:00.401000

2016-04-20 13:38:44 from c : check
data : 2016-04-20 13:38:44.402000

2016-04-20 13:39:28 from c : check
data : 2016-04-20 13:39:28.404000

2016-04-20 13:40:12 from c : check
data : 2016-04-20 13:40:12.405000

2016-04-20 13:40:56 from c : check
data : 2016-04-20 13:40:56.407000

2016-04-20 13:41:40 from c : check
data : 2016-04-20 13:41:40.408000

2016-04-20 13:42:24 from c : check
data : 2016-04-20 13:42:24.410000

2016-04-20 13:43:08 from c : check
data : 2016-04-20 13:43:08.411000

2016-04-20 13:43:52 from c : check
data : 2016-04-20 13:43:52.413000

2016-04-20 13:44:36 from c : check
data : 2016-04-20 13:44:36.414000

2016-04-20 13:45:20 from c : check
data : 2016-04-20 13:45:20.416000

2016-04-20 13:46:04 from c : check
data : 2016-04-20 13:46:04.417000

2016-04-20 13:46:48 from c : check
data : 2016-04-20 13:46:48.419000

2016-04-20 13:47:32 from c : check
data : 2016-04-20 13:47:32.420000

2016-04-20 13:48:16 from c : check
data : 2016-04-20 13:48:16.422000

2016-04-20 13:49:00 from c : check
data : 2016-04-20 13:49:00.423000

2016-04-20 13:49:44 from c : check
data : 2016-04-20 13:49:44.425000

2016-04-20 13:50:28 from c : check
data : 2016-04-20 13:50:28.426000

2016-04-20 13:51:12 from c : check
data : 2016-04-20 13:51:12.428000

2016-04-20 13:51:56 from c : check
data : 2016-04-20 13:51:56.429000

2016-04-20 13:52:40 from c : check
data : 2016-04-20 13:52:40.431000

2016-04-20 13:53:24 from c : check
data : 2016-04-20 13:53:24.432000

2016-04-20 13:54:08 from c : check
data : 2016-04-20 13:54:08.434000

2016-04-20 13:54:52 from c : check
data : 2016-04-20 13:54:52.435000

2016-04-20 13:55:36 from c : check
data : 2016-04-20 13:55:36.437000

2016-04-20 13:56:20 from c : check
data : 2016-04-20 13:56:20.438000

2016-04-20 13:57:04 from c : check
data : 2016-04-20 13:57:04.440000

2016-04-20 13:57:48 from c : check
data : 2016-04-20 13:57:48.442000

2016-04-20 13:58:32 from c : check
data : 2016-04-20 13:58:32.443000

2016-04-20 13:59:16 from c : check
data : 2016-04-20 13:59:16.445000

2016-04-20 14:00:00 from c : check
data : 2016-04-20 14:00:00.446000

2016-04-20 14:00:44 from c : check
data : 2016-04-20 14:00:44.448000

2016-04-20 14:01:28 from c : check
data : 2016-04-20 14:01:28.449000

2016-04-20 14:02:12 from c : check
data : 2016-04-20 14:02:12.451000

2016-04-20 14:02:56 from c : check
data : 2016-04-20 14:02:56.452000

2016-04-20 14:03:40 from c : check
data : 2016-04-20 14:03:40.454000

2016-04-20 14:04:24 from c : check
data : 2016-04-20 14:04:24.455000

2016-04-20 14:05:08 from c : check
data : 2016-04-20 14:05:08.457000

2016-04-20 14:05:52 from c : check
data : 2016-04-20 14:05:52.458000

2016-04-20 14:06:36 from c : check
data : 2016-04-20 14:06:36.460000

2016-04-20 14:07:20 from c : check
data : 2016-04-20 14:07:20.461000

2016-04-20 14:08:04 from c : check
data : 2016-04-20 14:08:04.463000

2016-04-20 14:08:48 from c : check
data : 2016-04-20 14:08:48.464000

2016-04-20 14:09:32 from c : check
data : 2016-04-20 14:09:32.466000

2016-04-20 14:10:16 from c : check
data : 2016-04-20 14:10:16.467000

2016-04-20 14:11:00 from c : check
data : 2016-04-20 14:11:00.469000

2016-04-20 14:11:44 from c : check
data : 2016-04-20 14:11:44.470000

2016-04-20 14:12:28 from c : check
data : 2016-04-20 14:12:28.472000

2016-04-20 14:13:12 from c : check
data : 2016-04-20 14:13:12.473000

2016-04-20 14:13:56 from c : check
data : 2016-04-20 14:13:56.475000

2016-04-20 14:14:40 from c : check
data : 2016-04-20 14:14:40.476000

2016-04-20 14:15:24 from c : check
data : 2016-04-20 14:15:24.478000

2016-04-20 14:16:08 from c : check
data : 2016-04-20 14:16:08.479000

2016-04-20 14:16:52 from c : check
data : 2016-04-20 14:16:52.481000

2016-04-20 14:17:36 from c : check
data : 2016-04-20 14:17:36.482000

2016-04-20 14:18:20 from c : check
data : 2016-04-20 14:18:20.484000

2016-04-20 14:19:04 from c : check
data : 2016-04-20 14:19:04.486000

2016-04-20 14:19:48 from c : check
data : 2016-04-20 14:19:48.487000

2016-04-20 14:20:32 from c : check
data : 2016-04-20 14:20:32.489000

2016-04-20 14:21:16 from c : check
data : 2016-04-20 14:21:16.490000

2016-04-20 14:22:00 from c : check
data : 2016-04-20 14:22:00.492000

2016-04-20 14:22:44 from c : check
data : 2016-04-20 14:22:44.493000

2016-04-20 14:23:28 from c : check
data : 2016-04-20 14:23:28.495000

2016-04-20 14:24:12 from c : check
data : 2016-04-20 14:24:12.496000

2016-04-20 14:24:56 from c : check
data : 2016-04-20 14:24:56.498000

2016-04-20 14:25:40 from c : check
data : 2016-04-20 14:25:40.499000

2016-04-20 14:26:24 from c : check
data : 2016-04-20 14:26:24.501000

2016-04-20 14:27:08 from c : check
data : 2016-04-20 14:27:08.502000

2016-04-20 14:27:52 from c : check
data : 2016-04-20 14:27:52.504000

2016-04-20 14:28:36 from c : check
data : 2016-04-20 14:28:36.505000

2016-04-20 14:29:20 from c : check
data : 2016-04-20 14:29:20.507000

2016-04-20 14:30:04 from c : check
data : 2016-04-20 14:30:04.508000

2016-04-20 14:30:48 from c : check
data : 2016-04-20 14:30:48.510000

2016-04-20 14:31:32 from c : check
data : 2016-04-20 14:31:32.511000

2016-04-20 14:32:16 from c : check
data : 2016-04-20 14:32:16.513000

2016-04-20 14:33:00 from c : check
data : 2016-04-20 14:33:00.514000

2016-04-20 14:33:44 from c : check
data : 2016-04-20 14:33:44.516000

2016-04-20 14:34:28 from c : check
data : 2016-04-20 14:34:28.517000

2016-04-20 14:35:12 from c : check
data : 2016-04-20 14:35:12.518000

2016-04-20 14:35:56 from c : check
data : 2016-04-20 14:35:56.519000

2016-04-20 14:36:40 from c : check
data : 2016-04-20 14:36:40.521000

