E:\SOURCES\ASM\P4TCH_EXPLORER\INJECTOR\INJECTOR_VS2012\INJECTOR_VS2012\INJECTOR_VS2012\DEBUG\MAIN.OBJ
E:\SOURCES\ASM\P4TCH_EXPLORER\INJECTOR\INJECTOR_VS2012\INJECTOR_VS2012\INJECTOR_VS2012\DEBUG\VC110.PDB
E:\SOURCES\ASM\P4TCH_EXPLORER\INJECTOR\INJECTOR_VS2012\INJECTOR_VS2012\DEBUG\INJECTOR_VS2012.ILK
E:\SOURCES\ASM\P4TCH_EXPLORER\INJECTOR\INJECTOR_VS2012\INJECTOR_VS2012\DEBUG\INJECTOR_VS2012.EXE
E:\SOURCES\ASM\P4TCH_EXPLORER\INJECTOR\INJECTOR_VS2012\INJECTOR_VS2012\DEBUG\INJECTOR_VS2012.PDB
E:\Sources\Asm\p4tch_explorer\injector\injector_vs2012\injector_vs2012\injector_vs2012\Debug\main.obj
E:\Sources\Asm\p4tch_explorer\injector\injector_vs2012\injector_vs2012\injector_vs2012\Debug\cl.command.1.tlog
E:\Sources\Asm\p4tch_explorer\injector\injector_vs2012\injector_vs2012\injector_vs2012\Debug\CL.read.1.tlog
E:\Sources\Asm\p4tch_explorer\injector\injector_vs2012\injector_vs2012\injector_vs2012\Debug\CL.write.1.tlog
E:\Sources\Asm\p4tch_explorer\injector\injector_vs2012\injector_vs2012\injector_vs2012\Debug\link-cvtres.read.1.tlog
E:\Sources\Asm\p4tch_explorer\injector\injector_vs2012\injector_vs2012\injector_vs2012\Debug\link-cvtres.write.1.tlog
E:\Sources\Asm\p4tch_explorer\injector\injector_vs2012\injector_vs2012\injector_vs2012\Debug\link-rc.read.1.tlog
E:\Sources\Asm\p4tch_explorer\injector\injector_vs2012\injector_vs2012\injector_vs2012\Debug\link-rc.write.1.tlog
E:\Sources\Asm\p4tch_explorer\injector\injector_vs2012\injector_vs2012\injector_vs2012\Debug\link.command.1.tlog
E:\Sources\Asm\p4tch_explorer\injector\injector_vs2012\injector_vs2012\injector_vs2012\Debug\link.read.1.tlog
E:\Sources\Asm\p4tch_explorer\injector\injector_vs2012\injector_vs2012\injector_vs2012\Debug\link.write.1.tlog
E:\Sources\Asm\p4tch_explorer\injector\injector_vs2012\injector_vs2012\injector_vs2012\Debug\vc110.idb
E:\Sources\Asm\p4tch_explorer\injector\injector_vs2012\injector_vs2012\injector_vs2012\Debug\vc110.pdb
E:\Sources\Asm\p4tch_explorer\injector\injector_vs2012\injector_vs2012\Debug\injector_vs2012.pdb
E:\Sources\Asm\p4tch_explorer\injector\injector_vs2012\injector_vs2012\Debug\injector_vs2012.exe
E:\Sources\Asm\p4tch_explorer\injector\injector_vs2012\injector_vs2012\Debug\injector_vs2012.ilk
