1>errors in directory e:\sources\winddk\practice\create_file
1>e:\sources\winddk\practice\create_file\funcs.c(80) : error C2220: warning treated as error - no 'object' file generated
1>e:\sources\winddk\practice\create_file\funcs.c(331) : error C2275: 'ULONG' : illegal use of this type as an expression
1>e:\sources\winddk\practice\create_file\funcs.c(331) : error C2146: syntax error : missing ';' before identifier 'ofst'
1>e:\sources\winddk\practice\create_file\funcs.c(331) : error C2065: 'ofst' : undeclared identifier
1>e:\sources\winddk\practice\create_file\funcs.c(334) : error C2065: 'ofst' : undeclared identifier
1>e:\sources\winddk\practice\create_file\funcs.c(335) : error C2065: 'ofst' : undeclared identifier
1>e:\sources\winddk\practice\create_file\funcs.c(336) : error C2065: 'ofst' : undeclared identifier
1>e:\sources\winddk\practice\create_file\funcs.c(337) : error C2065: 'ofst' : undeclared identifier
1>e:\sources\winddk\practice\create_file\funcs.c(338) : error C2065: 'ofst' : undeclared identifier
1>e:\sources\winddk\practice\create_file\funcs.c(339) : error C2065: 'ofst' : undeclared identifier
1>e:\sources\winddk\practice\create_file\funcs.c(340) : error C2065: 'ofst' : undeclared identifier
1>e:\sources\winddk\practice\create_file\funcs.c(341) : error C2065: 'ofst' : undeclared identifier
1>e:\sources\winddk\practice\create_file\funcs.c(342) : error C2065: 'ofst' : undeclared identifier
1>e:\sources\winddk\practice\create_file\funcs.c(343) : error C2065: 'ofst' : undeclared identifier
1>e:\sources\winddk\practice\create_file\funcs.c(344) : error C2065: 'ofst' : undeclared identifier
1>e:\sources\winddk\practice\create_file\funcs.c(345) : error C2065: 'ofst' : undeclared identifier
1>e:\sources\winddk\practice\create_file\funcs.c(349) : error C2065: 'ofst' : undeclared identifier
1>e:\sources\winddk\practice\create_file\funcs.c(350) : error C2065: 'ofst' : undeclared identifier
1>e:\sources\winddk\practice\create_file\funcs.c(351) : error C2065: 'ofst' : undeclared identifier
1>e:\sources\winddk\practice\create_file\funcs.c(352) : error C2065: 'ofst' : undeclared identifier
1>e:\sources\winddk\practice\create_file\funcs.c(353) : error C2065: 'ofst' : undeclared identifier
1>e:\sources\winddk\practice\create_file\funcs.c(354) : error C2065: 'ofst' : undeclared identifier
1>e:\sources\winddk\practice\create_file\funcs.c(355) : error C2065: 'ofst' : undeclared identifier
1>e:\sources\winddk\practice\create_file\funcs.c(356) : error C2065: 'ofst' : undeclared identifier
1>e:\sources\winddk\practice\create_file\funcs.c(357) : error C2065: 'ofst' : undeclared identifier
1>e:\sources\winddk\practice\create_file\funcs.c(358) : error C2065: 'ofst' : undeclared identifier
1>e:\sources\winddk\practice\create_file\funcs.c(359) : error C2065: 'ofst' : undeclared identifier
1>e:\sources\winddk\practice\create_file\funcs.c(360) : error C2065: 'ofst' : undeclared identifier
1>e:\sources\winddk\practice\create_file\funcs.c(361) : error C2065: 'ofst' : undeclared identifier
1>e:\sources\winddk\practice\create_file\funcs.c(433) : error C2275: 'UNICODE_STRING' : illegal use of this type as an expression
1>e:\sources\winddk\practice\create_file\funcs.c(433) : error C2146: syntax error : missing ';' before identifier 'ustrNtdll'
1>e:\sources\winddk\practice\create_file\funcs.c(433) : error C2065: 'ustrNtdll' : undeclared identifier
1>e:\sources\winddk\practice\create_file\funcs.c(434) : error C2065: 'ustrNtdll' : undeclared identifier
1>e:\sources\winddk\practice\create_file\funcs.c(435) : error C2275: 'PVOID' : illegal use of this type as an expression
1>e:\sources\winddk\practice\create_file\funcs.c(435) : error C2146: syntax error : missing ';' before identifier 'pNtdll'
1>e:\sources\winddk\practice\create_file\funcs.c(435) : error C2065: 'pNtdll' : undeclared identifier
1>e:\sources\winddk\practice\create_file\funcs.c(435) : error C2065: 'ustrNtdll' : undeclared identifier
1>e:\sources\winddk\practice\create_file\funcs.c(436) : error C2065: 'pNtdll' : undeclared identifier
1>e:\sources\winddk\practice\create_file\funcs.c(437) : error C2065: 'pNtdll' : undeclared identifier
1>e:\sources\winddk\practice\create_file\funcs.c(441) : error C4013: 'BBFindOrMapModule' undefined; assuming extern returning int
1>e:\sources\winddk\practice\create_file\funcs.c(445) : error C2065: 'dynData' : undeclared identifier
1>e:\sources\winddk\practice\create_file\funcs.c(445) : error C2224: left of '.KExecOpt' must have struct/union type
1>e:\sources\winddk\practice\create_file\funcs.c(447) : error C2065: 'dynData' : undeclared identifier
1>e:\sources\winddk\practice\create_file\funcs.c(447) : error C2224: left of '.KExecOpt' must have struct/union type
1>e:\sources\winddk\practice\create_file\funcs.c(468) : error C4013: 'BBCallInitializers' undefined; assuming extern returning int
1>e:\sources\winddk\practice\create_file\funcs.c(480) : error C4013: 'BBCallRoutine' undefined; assuming extern returning int
1>link : error LNK1181: cannot open input file 'e:\sources\winddk\practice\create_file\objfre_win7_amd64\amd64\funcs.obj'
