E:\SOURCES\VISUAL_STUDIO_PROJECT\2012\XJJ\RELEASE\MAIN.OBJ
E:\SOURCES\VISUAL_STUDIO_PROJECT\2012\XJJ\RELEASE\FUNCS.OBJ
E:\SOURCES\VISUAL_STUDIO_PROJECT\2012\XJJ\RELEASE\VC110.PDB
E:\SOURCES\VISUAL_STUDIO_PROJECT\2012\XJJ\RELEASE\XJJ.DLL
E:\Sources\visual_studio_project\2012\XJJ\Release\XJJ.lib
E:\Sources\visual_studio_project\2012\XJJ\Release\XJJ.exp
E:\Sources\visual_studio_project\2012\XJJ\Release\funcs.obj
E:\Sources\visual_studio_project\2012\XJJ\Release\main.obj
E:\Sources\visual_studio_project\2012\XJJ\Release\cl.command.1.tlog
E:\Sources\visual_studio_project\2012\XJJ\Release\CL.read.1.tlog
E:\Sources\visual_studio_project\2012\XJJ\Release\CL.write.1.tlog
E:\Sources\visual_studio_project\2012\XJJ\Release\link-cvtres.read.1.tlog
E:\Sources\visual_studio_project\2012\XJJ\Release\link-cvtres.write.1.tlog
E:\Sources\visual_studio_project\2012\XJJ\Release\link-mt.read.1.tlog
E:\Sources\visual_studio_project\2012\XJJ\Release\link-mt.write.1.tlog
E:\Sources\visual_studio_project\2012\XJJ\Release\link-rc.read.1.tlog
E:\Sources\visual_studio_project\2012\XJJ\Release\link-rc.write.1.tlog
E:\Sources\visual_studio_project\2012\XJJ\Release\link.command.1.tlog
E:\Sources\visual_studio_project\2012\XJJ\Release\link.read.1.tlog
E:\Sources\visual_studio_project\2012\XJJ\Release\link.write.1.tlog
E:\Sources\visual_studio_project\2012\XJJ\Release\XJJ.write.1.tlog
E:\Sources\visual_studio_project\2012\XJJ\Release\vc110.pdb
E:\Sources\visual_studio_project\2012\XJJ\Release\XJJ.dll
